
The following have been reloaded with a version change:
  1) Mambaforge/23.3.1-fasrc01 => Mambaforge/22.11.1-fasrc01
  2) python/3.10.12-fasrc01 => python/3.10.9-fasrc01

Traceback (most recent call last):
  File "/n/home06/mbritt/VAFQMC/importancevafqmc/pes.py", line 30, in <module>
    dist = float(sys.argv[1])
           ^^^^^^^^^^^^^^^^^^
ValueError: could not convert string to float: '--distance'
Traceback (most recent call last):
  File "/n/home06/mbritt/VAFQMC/importancevafqmc/pes.py", line 30, in <module>
    dist = float(sys.argv[1])
           ^^^^^^^^^^^^^^^^^^
ValueError: could not convert string to float: '--distance'
Traceback (most recent call last):
  File "/n/home06/mbritt/VAFQMC/importancevafqmc/pes.py", line 30, in <module>
    dist = float(sys.argv[1])
           ^^^^^^^^^^^^^^^^^^
ValueError: could not convert string to float: '--distance'
Traceback (most recent call last):
  File "/n/home06/mbritt/VAFQMC/importancevafqmc/pes.py", line 30, in <module>
    dist = float(sys.argv[1])
           ^^^^^^^^^^^^^^^^^^
ValueError: could not convert string to float: '--distance'
Traceback (most recent call last):
  File "/n/home06/mbritt/VAFQMC/importancevafqmc/pes.py", line 30, in <module>
    dist = float(sys.argv[1])
           ^^^^^^^^^^^^^^^^^^
ValueError: could not convert string to float: '--distance'
Traceback (most recent call last):
  File "/n/home06/mbritt/VAFQMC/importancevafqmc/pes.py", line 30, in <module>
    dist = float(sys.argv[1])
           ^^^^^^^^^^^^^^^^^^
ValueError: could not convert string to float: '--distance'
Traceback (most recent call last):
  File "/n/home06/mbritt/VAFQMC/importancevafqmc/pes.py", line 30, in <module>
    dist = float(sys.argv[1])
           ^^^^^^^^^^^^^^^^^^
ValueError: could not convert string to float: '--distance'
Traceback (most recent call last):
  File "/n/home06/mbritt/VAFQMC/importancevafqmc/pes.py", line 30, in <module>
    dist = float(sys.argv[1])
           ^^^^^^^^^^^^^^^^^^
ValueError: could not convert string to float: '--distance'
Traceback (most recent call last):
  File "/n/home06/mbritt/VAFQMC/importancevafqmc/pes.py", line 30, in <module>
    dist = float(sys.argv[1])
           ^^^^^^^^^^^^^^^^^^
ValueError: could not convert string to float: '--distance'
Traceback (most recent call last):
  File "/n/home06/mbritt/VAFQMC/importancevafqmc/pes.py", line 30, in <module>
    dist = float(sys.argv[1])
           ^^^^^^^^^^^^^^^^^^
ValueError: could not convert string to float: '--distance'
Traceback (most recent call last):
  File "/n/home06/mbritt/VAFQMC/importancevafqmc/pes.py", line 30, in <module>
    dist = float(sys.argv[1])
           ^^^^^^^^^^^^^^^^^^
ValueError: could not convert string to float: '--distance'
Traceback (most recent call last):
  File "/n/home06/mbritt/VAFQMC/importancevafqmc/pes.py", line 30, in <module>
    dist = float(sys.argv[1])
           ^^^^^^^^^^^^^^^^^^
ValueError: could not convert string to float: '--distance'
Traceback (most recent call last):
  File "/n/home06/mbritt/VAFQMC/importancevafqmc/pes.py", line 30, in <module>
    dist = float(sys.argv[1])
           ^^^^^^^^^^^^^^^^^^
ValueError: could not convert string to float: '--distance'
Traceback (most recent call last):
  File "/n/home06/mbritt/VAFQMC/importancevafqmc/pes.py", line 30, in <module>
    dist = float(sys.argv[1])
           ^^^^^^^^^^^^^^^^^^
ValueError: could not convert string to float: '--distance'
Traceback (most recent call last):
  File "/n/home06/mbritt/VAFQMC/importancevafqmc/pes.py", line 30, in <module>
    dist = float(sys.argv[1])
           ^^^^^^^^^^^^^^^^^^
ValueError: could not convert string to float: '--distance'
Traceback (most recent call last):
  File "/n/home06/mbritt/VAFQMC/importancevafqmc/pes.py", line 30, in <module>
    dist = float(sys.argv[1])
           ^^^^^^^^^^^^^^^^^^
ValueError: could not convert string to float: '--distance'
Traceback (most recent call last):
  File "/n/home06/mbritt/VAFQMC/importancevafqmc/pes.py", line 30, in <module>
    dist = float(sys.argv[1])
           ^^^^^^^^^^^^^^^^^^
ValueError: could not convert string to float: '--distance'
