
The following have been reloaded with a version change:
  1) Mambaforge/23.3.1-fasrc01 => Mambaforge/22.11.1-fasrc01
  2) python/3.10.12-fasrc01 => python/3.10.9-fasrc01

Traceback (most recent call last):
  File "/n/home06/mbritt/VAFQMC/importancevafqmc/pes.py", line 31, in <module>
    run_simulation(dist)
  File "/n/home06/mbritt/VAFQMC/importancevafqmc/pes.py", line 25, in run_simulation
    opt_params = prop.run()
                 ^^^^^^^^^^
  File "/n/home06/mbritt/VAFQMC/importancevafqmc/hmc_vafqmc_lbfgs.py", line 387, in run
    self.trial.tensora = jnp.array(self.trial.tensora, dtype=jnp.complex128)
                                   ^^^^^^^^^^^^^^^^^^
AttributeError: 'Trial' object has no attribute 'tensora'
Traceback (most recent call last):
  File "/n/home06/mbritt/VAFQMC/importancevafqmc/pes.py", line 31, in <module>
    run_simulation(dist)
  File "/n/home06/mbritt/VAFQMC/importancevafqmc/pes.py", line 25, in run_simulation
    opt_params = prop.run()
                 ^^^^^^^^^^
  File "/n/home06/mbritt/VAFQMC/importancevafqmc/hmc_vafqmc_lbfgs.py", line 387, in run
    self.trial.tensora = jnp.array(self.trial.tensora, dtype=jnp.complex128)
                                   ^^^^^^^^^^^^^^^^^^
AttributeError: 'Trial' object has no attribute 'tensora'
Traceback (most recent call last):
  File "/n/home06/mbritt/VAFQMC/importancevafqmc/pes.py", line 31, in <module>
    run_simulation(dist)
  File "/n/home06/mbritt/VAFQMC/importancevafqmc/pes.py", line 25, in run_simulation
    opt_params = prop.run()
                 ^^^^^^^^^^
  File "/n/home06/mbritt/VAFQMC/importancevafqmc/hmc_vafqmc_lbfgs.py", line 387, in run
    self.trial.tensora = jnp.array(self.trial.tensora, dtype=jnp.complex128)
                                   ^^^^^^^^^^^^^^^^^^
AttributeError: 'Trial' object has no attribute 'tensora'
Traceback (most recent call last):
  File "/n/home06/mbritt/VAFQMC/importancevafqmc/pes.py", line 31, in <module>
    run_simulation(dist)
  File "/n/home06/mbritt/VAFQMC/importancevafqmc/pes.py", line 25, in run_simulation
    opt_params = prop.run()
                 ^^^^^^^^^^
  File "/n/home06/mbritt/VAFQMC/importancevafqmc/hmc_vafqmc_lbfgs.py", line 387, in run
    self.trial.tensora = jnp.array(self.trial.tensora, dtype=jnp.complex128)
                                   ^^^^^^^^^^^^^^^^^^
AttributeError: 'Trial' object has no attribute 'tensora'
Traceback (most recent call last):
  File "/n/home06/mbritt/VAFQMC/importancevafqmc/pes.py", line 31, in <module>
    run_simulation(dist)
  File "/n/home06/mbritt/VAFQMC/importancevafqmc/pes.py", line 25, in run_simulation
    opt_params = prop.run()
                 ^^^^^^^^^^
  File "/n/home06/mbritt/VAFQMC/importancevafqmc/hmc_vafqmc_lbfgs.py", line 387, in run
    self.trial.tensora = jnp.array(self.trial.tensora, dtype=jnp.complex128)
                                   ^^^^^^^^^^^^^^^^^^
AttributeError: 'Trial' object has no attribute 'tensora'
Traceback (most recent call last):
  File "/n/home06/mbritt/VAFQMC/importancevafqmc/pes.py", line 31, in <module>
    run_simulation(dist)
  File "/n/home06/mbritt/VAFQMC/importancevafqmc/pes.py", line 25, in run_simulation
    opt_params = prop.run()
                 ^^^^^^^^^^
  File "/n/home06/mbritt/VAFQMC/importancevafqmc/hmc_vafqmc_lbfgs.py", line 387, in run
    self.trial.tensora = jnp.array(self.trial.tensora, dtype=jnp.complex128)
                                   ^^^^^^^^^^^^^^^^^^
AttributeError: 'Trial' object has no attribute 'tensora'
Traceback (most recent call last):
  File "/n/home06/mbritt/VAFQMC/importancevafqmc/pes.py", line 31, in <module>
    run_simulation(dist)
  File "/n/home06/mbritt/VAFQMC/importancevafqmc/pes.py", line 25, in run_simulation
    opt_params = prop.run()
                 ^^^^^^^^^^
  File "/n/home06/mbritt/VAFQMC/importancevafqmc/hmc_vafqmc_lbfgs.py", line 387, in run
    self.trial.tensora = jnp.array(self.trial.tensora, dtype=jnp.complex128)
                                   ^^^^^^^^^^^^^^^^^^
AttributeError: 'Trial' object has no attribute 'tensora'
Traceback (most recent call last):
  File "/n/home06/mbritt/VAFQMC/importancevafqmc/pes.py", line 31, in <module>
    run_simulation(dist)
  File "/n/home06/mbritt/VAFQMC/importancevafqmc/pes.py", line 25, in run_simulation
    opt_params = prop.run()
                 ^^^^^^^^^^
  File "/n/home06/mbritt/VAFQMC/importancevafqmc/hmc_vafqmc_lbfgs.py", line 387, in run
    self.trial.tensora = jnp.array(self.trial.tensora, dtype=jnp.complex128)
                                   ^^^^^^^^^^^^^^^^^^
AttributeError: 'Trial' object has no attribute 'tensora'
Traceback (most recent call last):
  File "/n/home06/mbritt/VAFQMC/importancevafqmc/pes.py", line 31, in <module>
    run_simulation(dist)
  File "/n/home06/mbritt/VAFQMC/importancevafqmc/pes.py", line 25, in run_simulation
    opt_params = prop.run()
                 ^^^^^^^^^^
  File "/n/home06/mbritt/VAFQMC/importancevafqmc/hmc_vafqmc_lbfgs.py", line 387, in run
    self.trial.tensora = jnp.array(self.trial.tensora, dtype=jnp.complex128)
                                   ^^^^^^^^^^^^^^^^^^
AttributeError: 'Trial' object has no attribute 'tensora'
Traceback (most recent call last):
  File "/n/home06/mbritt/VAFQMC/importancevafqmc/pes.py", line 31, in <module>
    run_simulation(dist)
  File "/n/home06/mbritt/VAFQMC/importancevafqmc/pes.py", line 25, in run_simulation
    opt_params = prop.run()
                 ^^^^^^^^^^
  File "/n/home06/mbritt/VAFQMC/importancevafqmc/hmc_vafqmc_lbfgs.py", line 387, in run
    self.trial.tensora = jnp.array(self.trial.tensora, dtype=jnp.complex128)
                                   ^^^^^^^^^^^^^^^^^^
AttributeError: 'Trial' object has no attribute 'tensora'
Traceback (most recent call last):
  File "/n/home06/mbritt/VAFQMC/importancevafqmc/pes.py", line 31, in <module>
    run_simulation(dist)
  File "/n/home06/mbritt/VAFQMC/importancevafqmc/pes.py", line 25, in run_simulation
    opt_params = prop.run()
                 ^^^^^^^^^^
  File "/n/home06/mbritt/VAFQMC/importancevafqmc/hmc_vafqmc_lbfgs.py", line 387, in run
    self.trial.tensora = jnp.array(self.trial.tensora, dtype=jnp.complex128)
                                   ^^^^^^^^^^^^^^^^^^
AttributeError: 'Trial' object has no attribute 'tensora'
Traceback (most recent call last):
  File "/n/home06/mbritt/VAFQMC/importancevafqmc/pes.py", line 31, in <module>
    run_simulation(dist)
  File "/n/home06/mbritt/VAFQMC/importancevafqmc/pes.py", line 25, in run_simulation
    opt_params = prop.run()
                 ^^^^^^^^^^
  File "/n/home06/mbritt/VAFQMC/importancevafqmc/hmc_vafqmc_lbfgs.py", line 387, in run
    self.trial.tensora = jnp.array(self.trial.tensora, dtype=jnp.complex128)
                                   ^^^^^^^^^^^^^^^^^^
AttributeError: 'Trial' object has no attribute 'tensora'
Traceback (most recent call last):
  File "/n/home06/mbritt/VAFQMC/importancevafqmc/pes.py", line 31, in <module>
    run_simulation(dist)
  File "/n/home06/mbritt/VAFQMC/importancevafqmc/pes.py", line 25, in run_simulation
    opt_params = prop.run()
                 ^^^^^^^^^^
  File "/n/home06/mbritt/VAFQMC/importancevafqmc/hmc_vafqmc_lbfgs.py", line 387, in run
    self.trial.tensora = jnp.array(self.trial.tensora, dtype=jnp.complex128)
                                   ^^^^^^^^^^^^^^^^^^
AttributeError: 'Trial' object has no attribute 'tensora'
Traceback (most recent call last):
  File "/n/home06/mbritt/VAFQMC/importancevafqmc/pes.py", line 31, in <module>
    run_simulation(dist)
  File "/n/home06/mbritt/VAFQMC/importancevafqmc/pes.py", line 25, in run_simulation
    opt_params = prop.run()
                 ^^^^^^^^^^
  File "/n/home06/mbritt/VAFQMC/importancevafqmc/hmc_vafqmc_lbfgs.py", line 387, in run
    self.trial.tensora = jnp.array(self.trial.tensora, dtype=jnp.complex128)
                                   ^^^^^^^^^^^^^^^^^^
AttributeError: 'Trial' object has no attribute 'tensora'
Traceback (most recent call last):
  File "/n/home06/mbritt/VAFQMC/importancevafqmc/pes.py", line 31, in <module>
    run_simulation(dist)
  File "/n/home06/mbritt/VAFQMC/importancevafqmc/pes.py", line 25, in run_simulation
    opt_params = prop.run()
                 ^^^^^^^^^^
  File "/n/home06/mbritt/VAFQMC/importancevafqmc/hmc_vafqmc_lbfgs.py", line 387, in run
    self.trial.tensora = jnp.array(self.trial.tensora, dtype=jnp.complex128)
                                   ^^^^^^^^^^^^^^^^^^
AttributeError: 'Trial' object has no attribute 'tensora'
Traceback (most recent call last):
  File "/n/home06/mbritt/VAFQMC/importancevafqmc/pes.py", line 31, in <module>
    run_simulation(dist)
  File "/n/home06/mbritt/VAFQMC/importancevafqmc/pes.py", line 25, in run_simulation
    opt_params = prop.run()
                 ^^^^^^^^^^
  File "/n/home06/mbritt/VAFQMC/importancevafqmc/hmc_vafqmc_lbfgs.py", line 387, in run
    self.trial.tensora = jnp.array(self.trial.tensora, dtype=jnp.complex128)
                                   ^^^^^^^^^^^^^^^^^^
AttributeError: 'Trial' object has no attribute 'tensora'
Traceback (most recent call last):
  File "/n/home06/mbritt/VAFQMC/importancevafqmc/pes.py", line 31, in <module>
    run_simulation(dist)
  File "/n/home06/mbritt/VAFQMC/importancevafqmc/pes.py", line 25, in run_simulation
    opt_params = prop.run()
                 ^^^^^^^^^^
  File "/n/home06/mbritt/VAFQMC/importancevafqmc/hmc_vafqmc_lbfgs.py", line 387, in run
    self.trial.tensora = jnp.array(self.trial.tensora, dtype=jnp.complex128)
                                   ^^^^^^^^^^^^^^^^^^
AttributeError: 'Trial' object has no attribute 'tensora'
