
The following have been reloaded with a version change:
  1) Mambaforge/23.3.1-fasrc01 => Mambaforge/22.11.1-fasrc01
  2) python/3.10.12-fasrc01 => python/3.10.9-fasrc01

/n/home06/mbritt/.conda/envs/afqmc_env/lib/python3.12/site-packages/jax/_src/lax/lax.py:2745: ComplexWarning: Casting complex values to real discards the imaginary part
  x_bar = _convert_element_type(x_bar, x.aval.dtype, x.aval.weak_type)
 This problem is unconstrained.
/n/home06/mbritt/.conda/envs/afqmc_env/lib/python3.12/site-packages/jax/_src/lax/lax.py:2745: ComplexWarning: Casting complex values to real discards the imaginary part
  x_bar = _convert_element_type(x_bar, x.aval.dtype, x.aval.weak_type)
 This problem is unconstrained.
/n/home06/mbritt/.conda/envs/afqmc_env/lib/python3.12/site-packages/jax/_src/lax/lax.py:2745: ComplexWarning: Casting complex values to real discards the imaginary part
  x_bar = _convert_element_type(x_bar, x.aval.dtype, x.aval.weak_type)
 This problem is unconstrained.
/n/home06/mbritt/.conda/envs/afqmc_env/lib/python3.12/site-packages/jax/_src/lax/lax.py:2745: ComplexWarning: Casting complex values to real discards the imaginary part
  x_bar = _convert_element_type(x_bar, x.aval.dtype, x.aval.weak_type)
 This problem is unconstrained.
/n/home06/mbritt/.conda/envs/afqmc_env/lib/python3.12/site-packages/jax/_src/lax/lax.py:2745: ComplexWarning: Casting complex values to real discards the imaginary part
  x_bar = _convert_element_type(x_bar, x.aval.dtype, x.aval.weak_type)
 This problem is unconstrained.
/n/home06/mbritt/.conda/envs/afqmc_env/lib/python3.12/site-packages/jax/_src/lax/lax.py:2745: ComplexWarning: Casting complex values to real discards the imaginary part
  x_bar = _convert_element_type(x_bar, x.aval.dtype, x.aval.weak_type)
 This problem is unconstrained.
/n/home06/mbritt/.conda/envs/afqmc_env/lib/python3.12/site-packages/jax/_src/lax/lax.py:2745: ComplexWarning: Casting complex values to real discards the imaginary part
  x_bar = _convert_element_type(x_bar, x.aval.dtype, x.aval.weak_type)
 This problem is unconstrained.
/n/home06/mbritt/.conda/envs/afqmc_env/lib/python3.12/site-packages/jax/_src/lax/lax.py:2745: ComplexWarning: Casting complex values to real discards the imaginary part
  x_bar = _convert_element_type(x_bar, x.aval.dtype, x.aval.weak_type)
 This problem is unconstrained.
/n/home06/mbritt/.conda/envs/afqmc_env/lib/python3.12/site-packages/jax/_src/lax/lax.py:2745: ComplexWarning: Casting complex values to real discards the imaginary part
  x_bar = _convert_element_type(x_bar, x.aval.dtype, x.aval.weak_type)
 This problem is unconstrained.
/n/home06/mbritt/.conda/envs/afqmc_env/lib/python3.12/site-packages/jax/_src/lax/lax.py:2745: ComplexWarning: Casting complex values to real discards the imaginary part
  x_bar = _convert_element_type(x_bar, x.aval.dtype, x.aval.weak_type)
 This problem is unconstrained.
/n/home06/mbritt/.conda/envs/afqmc_env/lib/python3.12/site-packages/jax/_src/lax/lax.py:2745: ComplexWarning: Casting complex values to real discards the imaginary part
  x_bar = _convert_element_type(x_bar, x.aval.dtype, x.aval.weak_type)
 This problem is unconstrained.
/n/home06/mbritt/.conda/envs/afqmc_env/lib/python3.12/site-packages/jax/_src/lax/lax.py:2745: ComplexWarning: Casting complex values to real discards the imaginary part
  x_bar = _convert_element_type(x_bar, x.aval.dtype, x.aval.weak_type)
 This problem is unconstrained.
/n/home06/mbritt/.conda/envs/afqmc_env/lib/python3.12/site-packages/jax/_src/lax/lax.py:2745: ComplexWarning: Casting complex values to real discards the imaginary part
  x_bar = _convert_element_type(x_bar, x.aval.dtype, x.aval.weak_type)
 This problem is unconstrained.
/n/home06/mbritt/.conda/envs/afqmc_env/lib/python3.12/site-packages/jax/_src/lax/lax.py:2745: ComplexWarning: Casting complex values to real discards the imaginary part
  x_bar = _convert_element_type(x_bar, x.aval.dtype, x.aval.weak_type)
 This problem is unconstrained.
/n/home06/mbritt/.conda/envs/afqmc_env/lib/python3.12/site-packages/jax/_src/lax/lax.py:2745: ComplexWarning: Casting complex values to real discards the imaginary part
  x_bar = _convert_element_type(x_bar, x.aval.dtype, x.aval.weak_type)
 This problem is unconstrained.
/n/home06/mbritt/.conda/envs/afqmc_env/lib/python3.12/site-packages/jax/_src/lax/lax.py:2745: ComplexWarning: Casting complex values to real discards the imaginary part
  x_bar = _convert_element_type(x_bar, x.aval.dtype, x.aval.weak_type)
 This problem is unconstrained.
/n/home06/mbritt/.conda/envs/afqmc_env/lib/python3.12/site-packages/jax/_src/lax/lax.py:2745: ComplexWarning: Casting complex values to real discards the imaginary part
  x_bar = _convert_element_type(x_bar, x.aval.dtype, x.aval.weak_type)
 This problem is unconstrained.
