/n/home06/mbritt/.conda/envs/afqmc_env/bin/pip
Requirement already satisfied: pip in /n/home06/mbritt/.conda/envs/afqmc_env/lib/python3.12/site-packages (25.0.1)
Requirement already satisfied: pyscf in /n/home06/mbritt/.conda/envs/afqmc_env/lib/python3.12/site-packages (2.6.2)
Requirement already satisfied: jax in /n/home06/mbritt/.conda/envs/afqmc_env/lib/python3.12/site-packages (0.4.28)
Requirement already satisfied: scipy in /n/home06/mbritt/.conda/envs/afqmc_env/lib/python3.12/site-packages (1.14.0)
Requirement already satisfied: numpy in /n/home06/mbritt/.conda/envs/afqmc_env/lib/python3.12/site-packages (2.0.0)
Requirement already satisfied: matplotlib in /n/home06/mbritt/.conda/envs/afqmc_env/lib/python3.12/site-packages (3.9.1)
Requirement already satisfied: numpyro in /n/home06/mbritt/.conda/envs/afqmc_env/lib/python3.12/site-packages (0.17.0)
Requirement already satisfied: optax in /n/home06/mbritt/.conda/envs/afqmc_env/lib/python3.12/site-packages (0.2.4)
Requirement already satisfied: h5py>=2.7 in /n/home06/mbritt/.conda/envs/afqmc_env/lib/python3.12/site-packages (from pyscf) (3.11.0)
Requirement already satisfied: setuptools in /n/home06/mbritt/.conda/envs/afqmc_env/lib/python3.12/site-packages (from pyscf) (70.3.0)
Requirement already satisfied: ml-dtypes>=0.2.0 in /n/home06/mbritt/.conda/envs/afqmc_env/lib/python3.12/site-packages (from jax) (0.4.0)
Requirement already satisfied: opt-einsum in /n/home06/mbritt/.conda/envs/afqmc_env/lib/python3.12/site-packages (from jax) (3.3.0)
Requirement already satisfied: contourpy>=1.0.1 in /n/home06/mbritt/.conda/envs/afqmc_env/lib/python3.12/site-packages (from matplotlib) (1.2.1)
Requirement already satisfied: cycler>=0.10 in /n/home06/mbritt/.conda/envs/afqmc_env/lib/python3.12/site-packages (from matplotlib) (0.12.1)
Requirement already satisfied: fonttools>=4.22.0 in /n/home06/mbritt/.conda/envs/afqmc_env/lib/python3.12/site-packages (from matplotlib) (4.53.1)
Requirement already satisfied: kiwisolver>=1.3.1 in /n/home06/mbritt/.conda/envs/afqmc_env/lib/python3.12/site-packages (from matplotlib) (1.4.5)
Requirement already satisfied: packaging>=20.0 in /n/home06/mbritt/.conda/envs/afqmc_env/lib/python3.12/site-packages (from matplotlib) (24.1)
Requirement already satisfied: pillow>=8 in /n/home06/mbritt/.conda/envs/afqmc_env/lib/python3.12/site-packages (from matplotlib) (10.4.0)
Requirement already satisfied: pyparsing>=2.3.1 in /n/home06/mbritt/.conda/envs/afqmc_env/lib/python3.12/site-packages (from matplotlib) (3.1.2)
Requirement already satisfied: python-dateutil>=2.7 in /n/home06/mbritt/.conda/envs/afqmc_env/lib/python3.12/site-packages (from matplotlib) (2.9.0)
Requirement already satisfied: jaxlib>=0.4.25 in /n/home06/mbritt/.conda/envs/afqmc_env/lib/python3.12/site-packages (from numpyro) (0.4.28.dev20240710)
Requirement already satisfied: multipledispatch in /n/home06/mbritt/.conda/envs/afqmc_env/lib/python3.12/site-packages (from numpyro) (1.0.0)
Requirement already satisfied: tqdm in /n/home06/mbritt/.conda/envs/afqmc_env/lib/python3.12/site-packages (from numpyro) (4.67.1)
Requirement already satisfied: absl-py>=0.7.1 in /n/home06/mbritt/.conda/envs/afqmc_env/lib/python3.12/site-packages (from optax) (2.1.0)
Requirement already satisfied: chex>=0.1.87 in /n/home06/mbritt/.conda/envs/afqmc_env/lib/python3.12/site-packages (from optax) (0.1.89)
Requirement already satisfied: etils[epy] in /n/home06/mbritt/.conda/envs/afqmc_env/lib/python3.12/site-packages (from optax) (1.12.2)
Requirement already satisfied: typing_extensions>=4.2.0 in /n/home06/mbritt/.conda/envs/afqmc_env/lib/python3.12/site-packages (from chex>=0.1.87->optax) (4.12.2)
Requirement already satisfied: toolz>=0.9.0 in /n/home06/mbritt/.conda/envs/afqmc_env/lib/python3.12/site-packages (from chex>=0.1.87->optax) (1.0.0)
Requirement already satisfied: six>=1.5 in /n/home06/mbritt/.conda/envs/afqmc_env/lib/python3.12/site-packages (from python-dateutil>=2.7->matplotlib) (1.16.0)
Running H2
converged SCF energy = -1.1031409704839  <S^2> = 2.220446e-16  2S+1 = 1
Iteration 1
-1.1019426079136843
Iteration 2
-1.1020251040366251
Iteration 3
-1.1020960971488256
Iteration 4
-1.1021609596930144
Iteration 5
-1.1022731347763235
Iteration 6
-1.102410330551167
Iteration 7
-1.1024434749844285
Iteration 8
-1.102566752545651
Iteration 9
-1.102687669571941
Iteration 10
-1.102821204969486
Iteration 11
-1.1028647005491412
Iteration 12
-1.1030403031196223
Iteration 13
-1.1031546224352267
Iteration 14
-1.1032179478709865
Iteration 15
-1.1034121904947198
Iteration 16
-1.1035354060654985
Iteration 17
-1.103671456007576
Iteration 18
-1.103809516030801
Iteration 19
-1.1039070413890646
Iteration 20
-1.1040995772507782
Iteration 21
-1.1042385580318026
Iteration 22
-1.1043828993461853
Iteration 23
-1.1045014105097912
Iteration 24
-1.1046789837809625
Iteration 25
-1.1049191370884075
Iteration 26
-1.1049893069202772
Iteration 27
-1.1052496264984324
Iteration 28
-1.105407768278575
Iteration 29
-1.1055742264893744
Iteration 30
-1.1056582175439893
Iteration 31
-1.1059010763965786
Iteration 32
-1.1060265808536571
Iteration 33
-1.106446331075047
Iteration 34
-1.1064347062409883
Iteration 35
-1.10663557129419
Iteration 36
-1.1068702864586057
Iteration 37
-1.107047012354638
Iteration 38
-1.1075067994489418
Iteration 39
-1.1074307201762472
Iteration 40
-1.1080771396007298
Iteration 41
-1.1082279060228448
Iteration 42
-1.1082937152953758
Iteration 43
-1.1085905831534788
Iteration 44
-1.1090132342554564
Iteration 45
-1.1093113653652373
Iteration 46
-1.109544762579064
Iteration 47
-1.1098854848322441
Iteration 48
-1.1101275577495304
Iteration 49
-1.1105977546392576
Iteration 50
-1.11073400935719
Iteration 51
-1.1110699485675364
Iteration 52
-1.1121183740435512
Iteration 53
-1.1122943866091863
Iteration 54
-1.1122795963511103
Iteration 55
-1.1125379728134208
Iteration 56
-1.1130514931093851
Iteration 57
-1.1136929977241754
Iteration 58
-1.1138740900157147
Iteration 59
-1.1150936897229309
Iteration 60
-1.114695149850345
Iteration 61
-1.1148505508321298
Iteration 62
-1.115925768228632
Iteration 63
-1.1162246270548406
Iteration 64
-1.1158274543658036
Iteration 65
-1.1172244767295554
Iteration 66
-1.118067978467465
Iteration 67
-1.1183894330453643
Iteration 68
-1.1185747524091105
Iteration 69
-1.1183798942619392
Iteration 70
-1.1198117338168474
Iteration 71
-1.1208979539600141
Iteration 72
-1.121022970613612
Iteration 73
-1.1215366262799862
Iteration 74
-1.121824493131705
Iteration 75
-1.1222679004519613
Iteration 76
-1.123227127429921
Iteration 77
-1.1231769797092674
Iteration 78
-1.1233811856914877
Iteration 79
-1.1242294569546618
Iteration 80
-1.1243854595657647
Iteration 81
-1.1236977539273445
Iteration 82
-1.1253723136403315
Iteration 83
-1.1241865230643724
Iteration 84
-1.1250469284736924
Iteration 85
-1.1262558965293752
Iteration 86
-1.1244082324191458
Iteration 87
-1.126481709807348
Iteration 88
-1.1235418620277562
Iteration 89
-1.124646115968293
Iteration 90
-1.1243507587216772
Iteration 91
-1.1251119479001352
Iteration 92
-1.1249264124010914
Iteration 93
-1.1232397830566452
Iteration 94
-1.1213562330792517
Iteration 95
-1.1224149408234787
Iteration 96
-1.120595182488855
Iteration 97
-1.1214391043144945
Iteration 98
-1.1190581533252026
Iteration 99
-1.1188794857851552
Iteration 100
-1.1156539752725956
Iteration 101
-1.1178913901164422
Iteration 102
-1.11814641552192
Iteration 103
-1.1129058126503835
Iteration 104
-1.117284025757898
Iteration 105
-1.113088387632497
Iteration 106
-1.1125523629349205
Iteration 107
-1.109946043123963
Iteration 108
-1.1047730881677165
Iteration 109
-1.103335888850304
Iteration 110
-1.1091558246084772
Iteration 111
-1.098295305703096
Iteration 112
-1.0978185822027002
Iteration 113
-1.101549638039886
Iteration 114
-1.1021961278524253
Iteration 115
-1.1091230310641274
Iteration 116
-1.0872168158599809
Iteration 117
-1.0893985481453385
Iteration 118
-1.0921016758580795
Iteration 119
-1.0913445636913683
Iteration 120
-1.0919623446772848
Iteration 121
-1.0878877909184859
Iteration 122
-1.082001255563528
Iteration 123
-1.0842865621571542
Iteration 124
-1.0782892209580337
Iteration 125
-1.0777344244775133
Iteration 126
-1.0766351905586997
Iteration 127
-1.0739135852065964
Iteration 128
-1.0753812212312304
Iteration 129
-1.0760613480585213
Iteration 130
-1.0915634452910108
Iteration 131
-1.0620119438170068
Iteration 132
-1.069363891717408
Iteration 133
-1.0668404926054305
Iteration 134
-1.0594588700648149
Iteration 135
-1.0756019150584075
Iteration 136
-1.055729531373889
Iteration 137
-1.0765086402887676
Iteration 138
-1.0516395671646108
Iteration 139
-1.0598996310729558
Iteration 140
-1.0529705145935975
Iteration 141
-1.0486503312310165
Iteration 142
-1.0497429596276775
Iteration 143
-1.04772403774186
Iteration 144
-1.0365206397514521
Iteration 145
-1.0318350916913512
Iteration 146
-1.0350061427838164
Iteration 147
-1.0403368793024883
Iteration 148
-1.0273971167906104
Iteration 149
-1.0260925965998953
Iteration 150
-1.0212142573851897
Iteration 151
-1.0228250016962355
Iteration 152
-1.012100698571999
Iteration 153
-1.0103854659058997
Iteration 154
-1.0177509625420385
Iteration 155
-1.0181399816603485
Iteration 156
-0.997483705727583
Iteration 157
-0.9916964477723196
Iteration 158
-1.016857563373481
Iteration 159
-0.9903117573301291
Iteration 160
-0.9890704089321588
Iteration 161
-0.9887029754171561
Iteration 162
-0.9755087649272938
Iteration 163
-0.9625376038972308
Iteration 164
-0.9656608622614548
Iteration 165
-0.9646036651719953
Iteration 166
-0.9609819159879878
Iteration 167
-0.961835097731641
Iteration 168
-0.9575268751022682
Iteration 169
-0.9452154302701461
Iteration 170
-0.9422315290758114
Iteration 171
-0.9488614616839467
Iteration 172
-0.9418649140339738
Iteration 173
-0.9344621565852504
Iteration 174
-0.9319406942896263
Iteration 175
-0.9265322932347474
Iteration 176
-0.9241475022839674
Iteration 177
-0.9171170408466491
Iteration 178
-0.9119613858109693
Iteration 179
-0.917303895216465
Iteration 180
-0.9185647565833652
Iteration 181
-0.9108487526332906
Iteration 182
-0.8980208937591937
Iteration 183
-0.9047966119451022
Iteration 184
-0.8976770080266889
Iteration 185
-0.9019040744550206
Iteration 186
-0.9006574249373009
Iteration 187
-0.9026678148896561
Iteration 188
-0.885426513859315
Iteration 189
-0.8841826334287222
Iteration 190
-0.8847325123325462
Iteration 191
-0.8815732376101
Iteration 192
-0.8785339064704647
Iteration 193
-0.8725803266504105
Iteration 194
-0.877893510818879
Iteration 195
-0.8866633210500066
Iteration 196
-0.8792543266537992
Iteration 197
-0.8621586133090825
Iteration 198
-0.8703406414159152
Iteration 199
-0.8702265702759373
Iteration 200
-0.8538345253388552
Iteration 201
-0.86031147942659
Iteration 202
-0.8608528709061286
Iteration 203
-0.8525485229619558
Iteration 204
-0.8468942831641437
Iteration 205
-0.8514459872488113
Iteration 206
-0.8466374787632232
Iteration 207
-0.8755667430699742
Iteration 208
-0.8557110985267458
Iteration 209
-0.8486816044336071
Iteration 210
-0.8434182150581977
Iteration 211
-0.8443856507534792
Iteration 212
-0.8422143315004977
Iteration 213
-0.8478866200303472
Iteration 214
-0.845191065134809
Iteration 215
-0.8427739030676116
Iteration 216
-0.8380189150108147
Iteration 217
-0.8387898384494633
Iteration 218
-0.8350236753387835
Iteration 219
-0.8320668309391602
Iteration 220
-0.8311596601311432
Iteration 221
-0.84140364230339
Iteration 222
-0.8403038778968548
Iteration 223
-0.8412289419335094
Iteration 224
-0.836111573408237
Iteration 225
-0.8320006376408393
Iteration 226
-0.8397523901937418
Iteration 227
-0.8403515719195387
Iteration 228
-0.8295135024356539
Iteration 229
-0.8383663293672223
Iteration 230
-0.8278139547345637
Iteration 231
-0.8399605383696271
Iteration 232
-0.8366253888481321
Iteration 233
-0.8366510344565762
Iteration 234
-0.9010459374278144
Iteration 235
-0.8430530214480971
Iteration 236
-0.8304871349885389
Iteration 237
-0.831537306864111
Iteration 238
-0.8288428945998344
Iteration 239
-0.8309308807647549
Iteration 240
-0.826493182297915
Iteration 241
-0.8385091368798218
Iteration 242
-0.831691866610141
Iteration 243
-0.8448173811663051
Iteration 244
-0.8300162415362806
Iteration 245
-0.8300558127845128
Iteration 246
-0.8349470432976894
Iteration 247
-0.8321655287669139
Iteration 248
-0.8306845470023555
Iteration 249
-0.8279588393550485
Iteration 250
-0.8434722084957507
Iteration 251
-0.8326907123204973
Iteration 252
-0.8296536234597863
Iteration 253
-0.8302617315640074
Iteration 254
-0.8300558137854124
Iteration 255
-0.8351153055132563
Iteration 256
-0.8296825290022225
Iteration 257
-0.8291210241878051
Iteration 258
-0.8322209532337078
Iteration 259
-0.8292058745470532
Iteration 260
-0.8370742254826858
Iteration 261
-0.836895583666583
Iteration 262
-0.8352857107604106
Iteration 263
-0.8372761720763287
Iteration 264
-0.8359699568955467
Iteration 265
-0.8310798550725101
Iteration 266
-0.8394064399740161
Iteration 267
-0.8400315077595676
Iteration 268
-0.8350078728190035
Iteration 269
-0.838270856851618
Iteration 270
-0.8371269294021022
Iteration 271
-0.8420457366565245
Iteration 272
-0.8408147799158032
Iteration 273
-0.8321059422145333
Iteration 274
-0.8397160276185137
Iteration 275
-0.8446616869846115
Iteration 276
-0.8399859519136297
Iteration 277
-0.8442243546095742
Iteration 278
-0.8473639007857999
Iteration 279
-0.8457403658755468
Iteration 280
-0.850565240780761
Iteration 281
-0.8476943428345812
Iteration 282
-0.8503310460413144
Iteration 283
-0.8594326484102618
Iteration 284
-0.846720006118843
Iteration 285
-0.854492607197929
Iteration 286
-0.8483883921454438
Iteration 287
-0.8502407740842095
Iteration 288
-0.8572836951114646
Iteration 289
-0.85430215874097
Iteration 290
-0.8499949062556393
Iteration 291
-0.8520471463094889
Iteration 292
-0.8584524206812842
Iteration 293
-0.8544927335250644
Iteration 294
-0.8586091146328081
Iteration 295
-0.8539921391937237
Iteration 296
-0.8900883363631739
Iteration 297
-0.8553259059794708
Iteration 298
-0.8577824022902044
Iteration 299
-0.8636232551097094
Iteration 300
-0.8567097524241469
Iteration 301
-0.8612087488835584
Iteration 302
-0.8631706753604569
Iteration 303
-0.8661409973820432
Iteration 304
-0.8656183238707675
Iteration 305
-0.8657328013671853
Iteration 306
-0.8625891545781723
Iteration 307
-0.8616916221529277
Iteration 308
-0.8616425507492879
Iteration 309
-0.8686436715721594
Iteration 310
-0.8618514602194391
Iteration 311
-0.8624231220798775
Iteration 312
-0.8583501766697496
Iteration 313
-0.8712589217701716
Iteration 314
-0.8677090656581363
Iteration 315
-0.8663103555102096
Iteration 316
-0.8664736274475977
Iteration 317
-0.8709606927138969
Iteration 318
-0.8693437223514723
Iteration 319
-0.8685964741500382
Iteration 320
-0.8721163585470333
Iteration 321
-0.8721154220394347
Iteration 322
-0.8685115979366433
Iteration 323
-0.8707375719917315
Iteration 324
-0.8727219484841658
Iteration 325
-0.8715389532515528
Iteration 326
-0.8829487011519777
Iteration 327
-0.8790172190604871
Iteration 328
-0.8734253160658616
Iteration 329
-0.8768327328506195
Iteration 330
-0.8734573735655577
Iteration 331
-0.874360766882188
Iteration 332
-0.8750482089399265
Iteration 333
-0.8833519865491781
Iteration 334
-0.8797359918769926
Iteration 335
-0.8799487452089985
Iteration 336
-0.8842583747917552
Iteration 337
-0.882757552753331
Iteration 338
-0.8807650698648797
Iteration 339
-0.8793058205938604
Iteration 340
-0.8802785470143146
Iteration 341
-0.8805259896441293
Iteration 342
-0.8863085718316018
Iteration 343
-0.8805128756753517
Iteration 344
-0.8805860607157893
Iteration 345
-0.8858325411242858
Iteration 346
-0.8842763289103176
Iteration 347
-0.8880818770936433
Iteration 348
-0.8922274668737318
Iteration 349
-0.8884946110376407
Iteration 350
-0.889406291928693
Iteration 351
-0.8879177148737882
Iteration 352
-0.8847581247563389
Iteration 353
-0.8928283295364773
Iteration 354
-0.8923255082606721
Iteration 355
-0.8968862797067776
Iteration 356
-0.8906716988856997
Iteration 357
-0.8924674219545327
Iteration 358
-0.8892841247949834
Iteration 359
-0.8899863270045828
Iteration 360
-0.89518413249773
Iteration 361
-0.899274945760007
Iteration 362
-0.8965793848650042
Iteration 363
-0.8893877110976738
Iteration 364
-0.8905147731018281
Iteration 365
-0.8974889318722448
Iteration 366
-0.8982099605398911
Iteration 367
-0.899796920493776
Iteration 368
-0.8974977661890868
Iteration 369
-0.8956155504370864
Iteration 370
-0.9016545259292508
Iteration 371
-0.9041999599545432
Iteration 372
-0.9055232951105542
Iteration 373
-0.8969861054301251
Iteration 374
-0.9083313957963967
Iteration 375
-0.903465529550055
Iteration 376
-0.898584117862022
Iteration 377
-0.9009478250767023
Iteration 378
-0.898034057719749
Iteration 379
-0.9073373564024267
Iteration 380
-0.9039530430358704
Iteration 381
-0.9028156295639276
Iteration 382
-0.9007713725285073
Iteration 383
-0.9084565009069323
Iteration 384
-0.9081168047185206
Iteration 385
-0.9169174704991616
Iteration 386
-0.9105041241198928
Iteration 387
-0.9115103442302895
Iteration 388
-0.9117684830343133
Iteration 389
-0.9103495084318709
Iteration 390
-0.9236773629447543
Iteration 391
-0.9121347529937016
Iteration 392
-0.911335196210174
Iteration 393
-0.9102461271713886
Iteration 394
-0.9142337233607977
Iteration 395
-0.9143599489302939
Iteration 396
-0.9071301818462311
Iteration 397
-0.9139406408086419
Iteration 398
-0.9164336560830728
Iteration 399
-0.9134313199904359
Iteration 400
-0.9244894144707696
Iteration 401
-0.9116530580774244
Iteration 402
-0.9118487366757192
Iteration 403
-0.9145924334099496
Iteration 404
-0.9152641311732957
Iteration 405
-0.915587859670851
Iteration 406
-0.9174985305071233
Iteration 407
-0.9159833695363768
Iteration 408
-0.91397368045713
Iteration 409
-0.912811942394607
Iteration 410
-0.9191800421053025
Iteration 411
-0.9133897556888013
Iteration 412
-0.9167973640678965
Iteration 413
-0.9186760809123379
Iteration 414
-0.9125184315229234
Iteration 415
-0.9154651090831125
Iteration 416
-0.9168935485073165
Iteration 417
-0.9169218314040538
Iteration 418
-0.9185713351834398
Iteration 419
-0.9154869738794291
Iteration 420
-0.9205964276977979
Iteration 421
-0.9232605246158082
Iteration 422
-0.9150076660677062
Iteration 423
-0.9219270002095729
Iteration 424
-0.9235759823527835
Iteration 425
-0.9184392530007511
Iteration 426
-0.917944182466293
Iteration 427
-0.9191742892943324
Iteration 428
-0.9135355068437424
Iteration 429
-0.9273675102764326
Iteration 430
-0.9201318206123712
Iteration 431
-0.9174952860997727
Iteration 432
-0.9223019986283312
Iteration 433
-0.9206880521492462
Iteration 434
-0.9188417528157337
Iteration 435
-0.9177337532714654
Iteration 436
-0.9169900836514974
Iteration 437
-0.9196521141527157
Iteration 438
-0.9279934925531327
Iteration 439
-0.9175335490631206
Iteration 440
-0.9194071456959635
Iteration 441
-0.9192965443194681
Iteration 442
-0.9186589973540699
Iteration 443
-0.9211677592928753
Iteration 444
-0.920074689069409
Iteration 445
-0.9205551978506141
Iteration 446
-0.9194458510220092
Iteration 447
-0.9159365231713437
Iteration 448
-0.9190396956857182
Iteration 449
-0.919388916867445
Iteration 450
-0.9174424121795847
Iteration 451
-0.9170833099894856
Iteration 452
-0.9226269826978576
Iteration 453
-0.9138026223797948
Iteration 454
-0.9156806531552412
Iteration 455
-0.9185838015077226
Iteration 456
-0.9201305021691499
Iteration 457
-0.9180732675642485
Iteration 458
-0.920145788833296
Iteration 459
-0.9178264733010147
Iteration 460
-0.9218263690121149
Iteration 461
-0.9168246412813161
Iteration 462
-0.912341194040844
Iteration 463
-0.9159001217266024
Iteration 464
-0.9195430731618291
Iteration 465
-0.9148155658686419
Iteration 466
-0.9127977020692675
Iteration 467
-0.9151978533962897
Iteration 468
-0.9211411286763046
Iteration 469
-0.9142280718868793
Iteration 470
-0.9112264953578725
Iteration 471
-0.9157992786560049
Iteration 472
-0.9089648004775621
Iteration 473
-0.911235415588694
Iteration 474
-0.9224516511495467
Iteration 475
-0.9087985873471499
Iteration 476
-0.9095182189020968
Iteration 477
-0.9199510015852359
Iteration 478
-0.9046907565848216
Iteration 479
-0.9112554489986598
Iteration 480
-0.9060949022119895
Iteration 481
-0.9131033703678688
Iteration 482
-0.907411722722622
Iteration 483
-0.9089600986768691
Iteration 484
-0.9007387299667875
Iteration 485
-0.908122483034439
Iteration 486
-0.9092480538440332
Iteration 487
-0.9058420553361238
Iteration 488
-0.9060321672773907
Iteration 489
-0.9081256378584398
Iteration 490
-0.9076294047515738
Iteration 491
-0.9014889569460908
Iteration 492
-0.9039993799659513
Iteration 493
-0.9040110766674231
Iteration 494
-0.9018176380206635
Iteration 495
-0.8954751944869559
Iteration 496
-0.8999665920933198
Iteration 497
-0.9012160125308039
Iteration 498
-0.897580628827855
Iteration 499
-0.9244276972177885
Iteration 500
-0.8987965269154087
Iteration 501
-0.8926955465231268
Iteration 502
-0.8947681696343998
Iteration 503
-0.8958647415233287
Iteration 504
-0.8957889244964995
Iteration 505
-0.8936911267912118
Iteration 506
-0.8951033005489502
Iteration 507
-0.8959709931865294
Iteration 508
-0.8973603352616637
Iteration 509
-0.8918916749863988
Iteration 510
-0.8932032644580509
Iteration 511
-0.8875187235034677
Iteration 512
-0.8868194489334706
Iteration 513
-0.8865462003502496
Iteration 514
-0.8904614722969808
Iteration 515
-0.8893600828858814
Iteration 516
-0.8856537297782242
Iteration 517
-0.9376297188979237
Iteration 518
-0.8843081166302941
Iteration 519
-0.88770357959138
Iteration 520
-0.8812677347149493
Iteration 521
-0.8798738669615691
Iteration 522
-0.877929486121906
Iteration 523
-0.8872453181007562
Iteration 524
-0.8774973324789166
Iteration 525
-0.8755854384810073
Iteration 526
-0.880304654401366
Iteration 527
-0.8803040215457394
Iteration 528
-0.8707709000678174
Iteration 529
-0.8759173288138291
Iteration 530
-0.8748534165424663
Iteration 531
-0.8762136204087589
Iteration 532
-0.8720644342248075
Iteration 533
-0.8691710152643533
Iteration 534
-0.8753771816566448
Iteration 535
-0.8655169768133326
Iteration 536
-0.8661570882827496
Iteration 537
-0.8689942897022092
Iteration 538
-0.8656255808073364
Iteration 539
-0.8649688130856993
Iteration 540
-0.8621903392242805
Iteration 541
-0.8567128676346947
Iteration 542
-0.8600235916628398
Iteration 543
-0.8649580756678771
Iteration 544
-0.8575220832233214
Iteration 545
-0.8632868740011861
Iteration 546
-0.8599603959502523
Iteration 547
-0.8646858815761541
Iteration 548
-0.8548936417756962
Iteration 549
-0.8590078561434132
Iteration 550
-0.8554176589705058
Iteration 551
-0.8525939825919424
Iteration 552
-0.855555225258947
Iteration 553
-0.8526524749987276
Iteration 554
-0.8527378989532055
Iteration 555
-0.8431427463638488
Iteration 556
-0.8485938710134141
Iteration 557
-0.8483395258661138
Iteration 558
-0.8460655220880504
Iteration 559
-0.8480918663902791
Iteration 560
-0.8492104263743973
Iteration 561
-0.8409071457374298
Iteration 562
-0.846558254829005
Iteration 563
-0.8394000305385174
Iteration 564
-0.8408658904170437
Iteration 565
-0.8431835879073285
Iteration 566
-0.8386902921051729
Iteration 567
-0.8383731691169548
Iteration 568
-0.831580685566875
Iteration 569
-0.8347865726108269
Iteration 570
-0.8361292625990339
Iteration 571
-0.8336655060187483
Iteration 572
-0.8305675877262134
Iteration 573
-0.8292941110162048
Iteration 574
-0.8294407305759867
Iteration 575
-0.8226492572287544
Iteration 576
-0.823107495331
Iteration 577
-0.8284099496046766
Iteration 578
-0.8196562819385151
Iteration 579
-0.8216849508732961
Iteration 580
-0.8236445559280619
Iteration 581
-0.8210781508293132
Iteration 582
-0.8268130732043395
Iteration 583
-0.8156099244782001
Iteration 584
-0.8145896597107047
Iteration 585
-0.8081338939488367
Iteration 586
-0.8211314388751083
Iteration 587
-0.821842631607425
Iteration 588
-0.8082736742637857
Iteration 589
-0.8057457134251258
Iteration 590
-0.8091196257427653
Iteration 591
-0.8085234269367125
Iteration 592
-0.8029853491478491
Iteration 593
-0.8038319520053848
Iteration 594
-0.7994145214273093
Iteration 595
-0.797814232490587
Iteration 596
-0.8005093813584323
Iteration 597
-0.8010229064956268
Iteration 598
-0.7993991640496095
Iteration 599
-0.7981029739437357
Iteration 600
-0.7954118858271579
Iteration 601
-0.7945447636270575
Iteration 602
-0.7949568389455609
Iteration 603
-0.7888475992293033
Iteration 604
-0.7867889985613403
Iteration 605
-0.7916083959384423
Iteration 606
-0.7905196401401562
Iteration 607
-0.7864714519761556
Iteration 608
-0.7772873138677796
Iteration 609
-0.7837679887143696
Iteration 610
-0.7813550330644619
Iteration 611
-0.7811117238017009
Iteration 612
-0.7828260052249784
Iteration 613
-0.7754181798775017
Iteration 614
-0.7796348869402815
Iteration 615
-0.785551364415847
Iteration 616
-0.7720720988296165
Iteration 617
-0.7741807879204041
Iteration 618
-0.7846603098874857
Iteration 619
-0.770144496369108
Iteration 620
-0.771784956167805
Iteration 621
-0.7737352634262268
Iteration 622
-0.7736139573045865
Iteration 623
-0.7667724814493528
Iteration 624
-0.7665257780148896
Iteration 625
-0.7649677816162179
Iteration 626
-0.7609140524450131
Iteration 627
-0.7702419826223578
Iteration 628
-0.7565389503608345
Iteration 629
-0.7568066547208221
Iteration 630
-0.7576078399902604
Iteration 631
-0.7504983354561525
Iteration 632
-0.7575798663039859
Iteration 633
-0.7561476594864724
Iteration 634
-0.7537996088763833
Iteration 635
-0.7462173734133346
Iteration 636
-0.7506691283723549
Iteration 637
-0.7486894040043576
Iteration 638
-0.7475396148958597
Iteration 639
-0.746475075339557
Iteration 640
-0.7425808594672997
Iteration 641
-0.7402496901281792
Iteration 642
-0.7461799709150535
Iteration 643
-0.7385605820695735
Iteration 644
-0.739450578037127
Iteration 645
-0.7390162712317768
Iteration 646
-0.7373471135712056
Iteration 647
-0.7339596343018934
Iteration 648
-0.731653082631073
Iteration 649
-0.7303462570442322
Iteration 650
-0.7264716343456106
Iteration 651
-0.727559169575275
Iteration 652
-0.7322740690956243
Iteration 653
-0.7209416782603539
Iteration 654
-0.7297038061692397
Iteration 655
-0.7247770647307442
Iteration 656
-0.7215092418940582
Iteration 657
-0.7182650204868232
Iteration 658
-0.7179319218554119
Iteration 659
-0.7173568290754292
Iteration 660
-0.7130462696719259
Iteration 661
-0.7145753242721443
Iteration 662
-0.7147191184785471
Iteration 663
-0.7144017178747996
Iteration 664
-0.7122484828329714
Iteration 665
-0.7080791187385633
Iteration 666
-0.7086790548698149
Iteration 667
-0.708218869999224
Iteration 668
-0.7069060669000631
Iteration 669
-0.7008686040881289
Iteration 670
-0.7079287710173546
Iteration 671
-0.7015751676745591
Iteration 672
-0.7001675069243155
Iteration 673
-0.6989093738050812
Iteration 674
-0.7001460344649237
Iteration 675
-0.6980865824693874
Iteration 676
-0.6970799632005066
Iteration 677
-0.7001214316629241
Iteration 678
-0.6944562328700743
Iteration 679
-0.6971241906818807
Iteration 680
-0.6930079990296569
Iteration 681
-0.6869536026188472
Iteration 682
-0.6898646590040132
Iteration 683
-0.684922295099331
Iteration 684
-0.683323436499185
Iteration 685
-0.6851354902804169
Iteration 686
-0.6830938979946657
Iteration 687
-0.680648740697198
Iteration 688
-0.6810126550617417
Iteration 689
-0.6791408929410103
Iteration 690
-0.6816082836237182
Iteration 691
-0.677081381025475
Iteration 692
-0.6733510168942763
Iteration 693
-0.671086362247151
Iteration 694
-0.678165323068761
Iteration 695
-0.6695555804454263
Iteration 696
-0.6691985552335762
Iteration 697
-0.670222546969509
Iteration 698
-0.663770822695665
Iteration 699
-0.6777723293226574
Iteration 700
-0.6678968462049281
Iteration 701
-0.6651540431609818
Iteration 702
-0.6656914474619468
Iteration 703
-0.65880698278082
Iteration 704
-0.6575906027394
Iteration 705
-0.6573054923307398
Iteration 706
-0.6541003352662758
Iteration 707
-0.6505768080685003
Iteration 708
-0.6533189888791573
Iteration 709
-0.6531025566472229
Iteration 710
-0.6477993175693016
Iteration 711
-0.650378777058817
Iteration 712
-0.6562604745993597
Iteration 713
-0.6475918413524179
Iteration 714
-0.6508128308736811
Iteration 715
-0.6502405923515594
Iteration 716
-0.6422899843288054
Iteration 717
-0.64966294197466
Iteration 718
-0.6411670328168261
Iteration 719
-0.646736512970478
Iteration 720
-0.6425808730085196
Iteration 721
-0.6407691505439003
Iteration 722
-0.6380109260763871
Iteration 723
-0.6363126745185353
Iteration 724
-0.6384459118664066
Iteration 725
-0.6379967763355001
Iteration 726
-0.63410212369434
Iteration 727
-0.6304746358110084
Iteration 728
-0.6309624454644425
Iteration 729
-0.6294181783153067
Iteration 730
-0.6262433450422642
Iteration 731
-0.6214498373387013
Iteration 732
-0.6269541378625885
Iteration 733
-0.6174341445542318
Iteration 734
-0.624821103389495
Iteration 735
-0.683463521271813
Iteration 736
-0.6235137800028514
Iteration 737
-0.6174289154166533
Iteration 738
-0.6320013690857252
Iteration 739
-0.6139998149921676
Iteration 740
-0.6162838906275248
Iteration 741
-0.6175489070848619
Iteration 742
-0.6183837901738422
Iteration 743
-0.6123003381075591
Iteration 744
-0.6148438972099555
Iteration 745
-0.6120422062090647
Iteration 746
-0.6101471766552616
Iteration 747
-0.6092251307616224
Iteration 748
-0.613747574604671
Iteration 749
-0.6094026701016684
Iteration 750
-0.6065491481269576
Iteration 751
-0.6141816129777558
Iteration 752
-0.6078478531606826
Iteration 753
-0.6033093531710142
Iteration 754
-0.602367348782259
Iteration 755
-0.6025070880499429
Iteration 756
-0.5952228764557568
Iteration 757
-0.5985089500090612
Iteration 758
-0.5933457874911341
Iteration 759
-0.6004971653752509
Iteration 760
-0.5928895778786869
Iteration 761
-0.5922298760534556
Iteration 762
-0.5942824242687456
Iteration 763
-0.5932985884357675
Iteration 764
-0.5855462279597766
Iteration 765
-0.5923735804032795
Iteration 766
-0.5905232173999857
Iteration 767
-0.5878129950518306
Iteration 768
-0.5910854025044003
Iteration 769
-0.5816907047445379
Iteration 770
-0.5806900422239007
Iteration 771
-0.5774577163366884
Iteration 772
-0.5776065947271415
Iteration 773
-0.5761884259848988
Iteration 774
-0.5787995036813995
Iteration 775
-0.5762257637265792
Iteration 776
-0.5755204288577667
Iteration 777
-0.5786860970678779
Iteration 778
-0.5718979086597636
Iteration 779
-0.5751940711561176
Iteration 780
-0.5737790518116741
Iteration 781
-0.5698776399422304
Iteration 782
-0.5694630666407948
Iteration 783
-0.5657555265509077
Iteration 784
-0.5651557572057226
Iteration 785
-0.5642637897310037
Iteration 786
-0.5588419508348972
Iteration 787
-0.5620933063641753
Iteration 788
-0.5657880465916045
Iteration 789
-0.5562408150815652
Iteration 790
-0.5547851003666175
Iteration 791
-0.5539601992437255
Iteration 792
-0.5509037322917117
Iteration 793
-0.5624203966529024
Iteration 794
-0.5552017679965096
Iteration 795
