Using Python from: /n/home06/mbritt/.conda/envs/afqmc_env/bin/python
Using Pip from: /n/home06/mbritt/.conda/envs/afqmc_env/bin/pip
-rw-r--r--. 1 mbritt joonholee_lab 31892 Apr 11 13:04 lbfgs_fast.py
converged SCF energy = -1.11134971410867  <S^2> = 0  2S+1 = 1
h5py input_20250411130553146834.h5
grad 166.4546616077423
grad 149.30398225784302
grad 149.84330582618713
grad 154.32013654708862
grad 146.97092175483704
grad 149.44991874694824
grad 155.26440358161926
grad 153.2755687236786
grad 149.76813793182373
grad 149.1642346382141
grad 150.65511965751648
grad 154.79859900474548
grad 159.22093892097473
grad 148.85262799263
grad 155.48206329345703
grad 149.85863876342773
grad 155.7078697681427
grad 148.98956823349
grad 147.31322717666626
grad 149.31361293792725
grad 150.45806050300598
grad 148.37755584716797
grad 147.2232325077057
grad 150.32474446296692
grad 147.85526275634766
grad 153.67952036857605
grad 151.80498695373535
grad 148.17379093170166
grad 158.02889251708984
grad 151.09802436828613
grad 154.3186330795288
grad 148.8287708759308
grad 155.36592602729797
grad 148.93265843391418
grad 153.974280834198
grad 148.69118475914001
grad 149.5293264389038
grad 148.81507992744446
grad 153.98091864585876
  message: CONVERGENCE: REL_REDUCTION_OF_F_<=_FACTR*EPSMCH
  success: True
   status: 0
      fun: -1.1217258506320515
        x: [-9.163e-01 -3.964e-01 ...  1.230e-01  1.340e-01]
      nit: 7
      jac: [ 3.126e-04  2.734e-04 ...  1.572e-02  2.068e-02]
     nfev: 39
     njev: 39
 hess_inv: <46x46 LbfgsInvHessProduct with dtype=float64>
RUNNING THE L-BFGS-B CODE

           * * *

Machine precision = 2.220D-16
 N =           46     M =         1000

At X0         0 variables are exactly at the bounds

At iterate    0    f= -1.11248D+00    |proj g|=  3.20455D-02

At iterate    1    f= -1.12080D+00    |proj g|=  3.46760D-02

At iterate    2    f= -1.12105D+00    |proj g|=  3.27963D-02

At iterate    3    f= -1.12177D+00    |proj g|=  3.98031D-02

At iterate    4    f= -1.12284D+00    |proj g|=  1.28421D-01
  ys=-2.022E-02  -gs= 1.277E-02 BFGS update SKIPPED

At iterate    5    f= -1.12432D+00    |proj g|=  1.32123D-01
  ys=-7.028E-06  -gs= 9.058E-04 BFGS update SKIPPED

At iterate    6    f= -1.12482D+00    |proj g|=  1.49148D-01
  ys=-1.377E-03  -gs= 6.418E-03 BFGS update SKIPPED

At iterate    7    f= -1.12173D+00    |proj g|=  1.47241D-01

           * * *

Tit   = total number of iterations
Tnf   = total number of function evaluations
Tnint = total number of segments explored during Cauchy searches
Skip  = number of BFGS updates skipped
Nact  = number of active bounds at final generalized Cauchy point
Projg = norm of the final projected gradient
F     = final function value

           * * *

   N    Tit     Tnf  Tnint  Skip  Nact     Projg        F
   46      7     40      1     3     0   1.472D-01  -1.122D+00
  F =  -1.1217258506320515     

CONVERGENCE: REL_REDUCTION_OF_F_<=_FACTR*EPSMCH             
