Using Python from: /n/home06/mbritt/.conda/envs/afqmc_env/bin/python
Using Pip from: /n/home06/mbritt/.conda/envs/afqmc_env/bin/pip
-rw-r--r--. 1 mbritt joonholee_lab 22322 Apr  4 03:23 lbfgs_fast.py
Running H2
converged SCF energy = -1.1031409704839  <S^2> = 2.220446e-16  2S+1 = 1

RUNNING THE L-BFGS-B CODE

           * * *

Machine precision = 2.220D-16
 N =           38     M =         1000
 This problem is unconstrained.

At X0         0 variables are exactly at the bounds

At iterate    0    f= -1.10327D+00    |proj g|=  4.01742D-02



At iterate    1    f= -1.10711D+00    |proj g|=  4.15457D-02


At iterate    2    f= -1.11200D+00    |proj g|=  5.29750D-02


At iterate    3    f= -1.11865D+00    |proj g|=  5.19649D-02










At iterate    4    f= -1.12588D+00    |proj g|=  1.07411D-01
  ys=-7.889E-03  -gs= 1.983E-02 BFGS update SKIPPED







At iterate    5    f= -1.12508D+00    |proj g|=  1.21229D-01

           * * *

Tit   = total number of iterations
Tnf   = total number of function evaluations
Tnint = total number of segments explored during Cauchy searches
Skip  = number of BFGS updates skipped
Nact  = number of active bounds at final generalized Cauchy point
Projg = norm of the final projected gradient
F     = final function value

           * * *

   N    Tit     Tnf  Tnint  Skip  Nact     Projg        F
   38      5     20      1     1     0   1.212D-01  -1.125D+00
  F =  -1.1250834992404106     

CONVERGENCE: REL_REDUCTION_OF_F_<=_FACTR*EPSMCH             
  message: CONVERGENCE: REL_REDUCTION_OF_F_<=_FACTR*EPSMCH
  success: True
   status: 0
      fun: -1.1250834992404106
        x: [-9.472e-01 -3.380e-01 ...  1.559e-01  1.583e-01]
      nit: 5
      jac: [-2.820e-04 -4.351e-04 ... -1.190e-01 -1.212e-01]
     nfev: 20
     njev: 20
 hess_inv: <38x38 LbfgsInvHessProduct with dtype=float64>
Total time 2469.2639038562775
converged SCF energy = -1.1031409704839
fci-energy -1.1288156436492547
vafqmc-energy (-1.1263551236116327-0.001069471844655942j)
