Using Python from: /n/home06/mbritt/.conda/envs/afqmc_env/bin/python
Using Pip from: /n/home06/mbritt/.conda/envs/afqmc_env/bin/pip
-rw-r--r--. 1 mbritt joonholee_lab 20351 Apr  1 23:50 lbfgs_fast.py
Running H2
Vectorized (prev 2 were parallel) Num Chains 1000 num Samples 10000
converged SCF energy = -1.1031409704839  <S^2> = 2.220446e-16  2S+1 = 1
RUNNING THE L-BFGS-B CODE

           * * *

Machine precision = 2.220D-16
 N =           38     M =         1000
 This problem is unconstrained.

At X0         0 variables are exactly at the bounds

At iterate    0    f= -1.10698D+00    |proj g|=  4.08577D-02

At iterate    1    f= -1.10888D+00    |proj g|=  5.13664D-02

At iterate    2    f= -1.10951D+00    |proj g|=  2.72990D-02

At iterate    3    f= -1.10719D+00    |proj g|=  2.87814D-02

           * * *

Tit   = total number of iterations
Tnf   = total number of function evaluations
Tnint = total number of segments explored during Cauchy searches
Skip  = number of BFGS updates skipped
Nact  = number of active bounds at final generalized Cauchy point
Projg = norm of the final projected gradient
F     = final function value

           * * *

   N    Tit     Tnf  Tnint  Skip  Nact     Projg        F
   38      3     14      1     0     0   2.878D-02  -1.107D+00
  F =  -1.1071916552260690     

CONVERGENCE: REL_REDUCTION_OF_F_<=_FACTR*EPSMCH             
  message: CONVERGENCE: REL_REDUCTION_OF_F_<=_FACTR*EPSMCH
  success: True
   status: 0
      fun: -1.107191655226069
        x: [-9.711e-01 -3.757e-01 ...  6.373e-02  6.289e-02]
      nit: 3
      jac: [ 9.115e-05  3.258e-05 ... -2.025e-02 -2.878e-02]
     nfev: 14
     njev: 14
 hess_inv: <38x38 LbfgsInvHessProduct with dtype=float64>
Total time 10887.231619119644
converged SCF energy = -1.1031409704839

WARN: Not enough memory for FCI solver. The minimal requirement is 0 MB

fci-energy -1.1288156436492542
vafqmc-energy (-1.1080445640803935-4.636338733203487e-05j)
