/n/home06/mbritt/.conda/envs/afqmc_env/bin/pip
Requirement already satisfied: pip in /n/home06/mbritt/.conda/envs/afqmc_env/lib/python3.12/site-packages (25.0.1)
Requirement already satisfied: pyscf in /n/home06/mbritt/.conda/envs/afqmc_env/lib/python3.12/site-packages (2.6.2)
Requirement already satisfied: jax in /n/home06/mbritt/.conda/envs/afqmc_env/lib/python3.12/site-packages (0.4.28)
Requirement already satisfied: scipy in /n/home06/mbritt/.conda/envs/afqmc_env/lib/python3.12/site-packages (1.14.0)
Requirement already satisfied: numpy in /n/home06/mbritt/.conda/envs/afqmc_env/lib/python3.12/site-packages (2.0.0)
Requirement already satisfied: matplotlib in /n/home06/mbritt/.conda/envs/afqmc_env/lib/python3.12/site-packages (3.9.1)
Requirement already satisfied: numpyro in /n/home06/mbritt/.conda/envs/afqmc_env/lib/python3.12/site-packages (0.17.0)
Requirement already satisfied: optax in /n/home06/mbritt/.conda/envs/afqmc_env/lib/python3.12/site-packages (0.2.4)
Requirement already satisfied: h5py>=2.7 in /n/home06/mbritt/.conda/envs/afqmc_env/lib/python3.12/site-packages (from pyscf) (3.11.0)
Requirement already satisfied: setuptools in /n/home06/mbritt/.conda/envs/afqmc_env/lib/python3.12/site-packages (from pyscf) (70.3.0)
Requirement already satisfied: ml-dtypes>=0.2.0 in /n/home06/mbritt/.conda/envs/afqmc_env/lib/python3.12/site-packages (from jax) (0.4.0)
Requirement already satisfied: opt-einsum in /n/home06/mbritt/.conda/envs/afqmc_env/lib/python3.12/site-packages (from jax) (3.3.0)
Requirement already satisfied: contourpy>=1.0.1 in /n/home06/mbritt/.conda/envs/afqmc_env/lib/python3.12/site-packages (from matplotlib) (1.2.1)
Requirement already satisfied: cycler>=0.10 in /n/home06/mbritt/.conda/envs/afqmc_env/lib/python3.12/site-packages (from matplotlib) (0.12.1)
Requirement already satisfied: fonttools>=4.22.0 in /n/home06/mbritt/.conda/envs/afqmc_env/lib/python3.12/site-packages (from matplotlib) (4.53.1)
Requirement already satisfied: kiwisolver>=1.3.1 in /n/home06/mbritt/.conda/envs/afqmc_env/lib/python3.12/site-packages (from matplotlib) (1.4.5)
Requirement already satisfied: packaging>=20.0 in /n/home06/mbritt/.conda/envs/afqmc_env/lib/python3.12/site-packages (from matplotlib) (24.1)
Requirement already satisfied: pillow>=8 in /n/home06/mbritt/.conda/envs/afqmc_env/lib/python3.12/site-packages (from matplotlib) (10.4.0)
Requirement already satisfied: pyparsing>=2.3.1 in /n/home06/mbritt/.conda/envs/afqmc_env/lib/python3.12/site-packages (from matplotlib) (3.1.2)
Requirement already satisfied: python-dateutil>=2.7 in /n/home06/mbritt/.conda/envs/afqmc_env/lib/python3.12/site-packages (from matplotlib) (2.9.0)
Requirement already satisfied: jaxlib>=0.4.25 in /n/home06/mbritt/.conda/envs/afqmc_env/lib/python3.12/site-packages (from numpyro) (0.4.28.dev20240710)
Requirement already satisfied: multipledispatch in /n/home06/mbritt/.conda/envs/afqmc_env/lib/python3.12/site-packages (from numpyro) (1.0.0)
Requirement already satisfied: tqdm in /n/home06/mbritt/.conda/envs/afqmc_env/lib/python3.12/site-packages (from numpyro) (4.67.1)
Requirement already satisfied: absl-py>=0.7.1 in /n/home06/mbritt/.conda/envs/afqmc_env/lib/python3.12/site-packages (from optax) (2.1.0)
Requirement already satisfied: chex>=0.1.87 in /n/home06/mbritt/.conda/envs/afqmc_env/lib/python3.12/site-packages (from optax) (0.1.89)
Requirement already satisfied: etils[epy] in /n/home06/mbritt/.conda/envs/afqmc_env/lib/python3.12/site-packages (from optax) (1.12.2)
Requirement already satisfied: typing_extensions>=4.2.0 in /n/home06/mbritt/.conda/envs/afqmc_env/lib/python3.12/site-packages (from chex>=0.1.87->optax) (4.12.2)
Requirement already satisfied: toolz>=0.9.0 in /n/home06/mbritt/.conda/envs/afqmc_env/lib/python3.12/site-packages (from chex>=0.1.87->optax) (1.0.0)
Requirement already satisfied: six>=1.5 in /n/home06/mbritt/.conda/envs/afqmc_env/lib/python3.12/site-packages (from python-dateutil>=2.7->matplotlib) (1.16.0)
Running H2
converged SCF energy = -1.1031409704839  <S^2> = 2.220446e-16  2S+1 = 1
1.5974044799804688e-05
0.0008258819580078125
3.3855438232421875e-05
2.7894973754882812e-05
2.9325485229492188e-05
0.0009002685546875
Iteration 1: Energy = -1.11049293, Grad Norm = 0.07421596, Param Update Norm = 0.05635366
2.765655517578125e-05
4.00543212890625e-05
4.076957702636719e-05
2.193450927734375e-05
3.647804260253906e-05
3.8623809814453125e-05
2.5033950805664062e-05
5.125999450683594e-05
4.506111145019531e-05
0.001092672348022461
Iteration 2: Energy = -1.12372147, Grad Norm = 0.22990033, Param Update Norm = 0.26162540
3.5762786865234375e-05
4.744529724121094e-05
3.337860107421875e-05
2.9325485229492188e-05
4.315376281738281e-05
3.147125244140625e-05
4.172325134277344e-05
4.0531158447265625e-05
4.00543212890625e-05
2.5510787963867188e-05
4.482269287109375e-05
0.001064300537109375
Iteration 3: Energy = -1.13352138, Grad Norm = 0.56103128, Param Update Norm = 0.24870119
2.8371810913085938e-05
4.7206878662109375e-05
2.6464462280273438e-05
2.1696090698242188e-05
2.288818359375e-05
4.887580871582031e-05
2.4318695068359375e-05
4.6253204345703125e-05
2.6226043701171875e-05
3.9577484130859375e-05
2.47955322265625e-05
3.457069396972656e-05
2.4080276489257812e-05
5.221366882324219e-05
4.458427429199219e-05
2.7894973754882812e-05
4.3392181396484375e-05
4.100799560546875e-05
4.553794860839844e-05
4.029273986816406e-05
3.981590270996094e-05
3.0994415283203125e-05
2.3126602172851562e-05
4.00543212890625e-05
5.841255187988281e-05
3.62396240234375e-05
3.552436828613281e-05
2.5033950805664062e-05
2.4557113647460938e-05
  message: ABNORMAL_TERMINATION_IN_LNSRCH
  success: False
   status: 1
      fun: -1.1357554021870373
        x: [-8.613e-01 -3.259e-01 ...  1.654e-01  1.933e-01]
      nit: 3
      jac: [ 2.193e-05 -2.046e-03 ... -2.771e-01 -2.753e-01]
     nfev: 50
     njev: 50
 hess_inv: <38x38 LbfgsInvHessProduct with dtype=float64>
converged SCF energy = -1.1031409704839
fci-energy -1.1288156436492547
vafqmc-energy (-1.123693792160352-0.0006502271926872754j)
RUNNING THE L-BFGS-B CODE

           * * *

Machine precision = 2.220D-16
 N =           38     M =         1000

At X0         0 variables are exactly at the bounds

At iterate    0    f= -1.11001D+00    |proj g|=  2.24644D-02

At iterate    1    f= -1.11049D+00    |proj g|=  3.89916D-02

At iterate    2    f= -1.12372D+00    |proj g|=  1.23720D-01
  ys=-2.343E-02  -gs= 1.263E-02 BFGS update SKIPPED

At iterate    3    f= -1.13352D+00    |proj g|=  2.83138D-01
  ys=-5.436E-02  -gs= 3.768E-02 BFGS update SKIPPED

           * * *

Tit   = total number of iterations
Tnf   = total number of function evaluations
Tnint = total number of segments explored during Cauchy searches
Skip  = number of BFGS updates skipped
Nact  = number of active bounds at final generalized Cauchy point
Projg = norm of the final projected gradient
F     = final function value

           * * *

   N    Tit     Tnf  Tnint  Skip  Nact     Projg        F
   38      4     61      2     2     0   2.831D-01  -1.134D+00
  F =  -1.1335213847195074     

ABNORMAL_TERMINATION_IN_LNSRCH                              
