Using Python from: /n/home06/mbritt/.conda/envs/afqmc_env/bin/python
Using Pip from: /n/home06/mbritt/.conda/envs/afqmc_env/bin/pip
Requirement already satisfied: pip in /n/home06/mbritt/.conda/envs/afqmc_env/lib/python3.12/site-packages (25.0.1)
Requirement already satisfied: pyscf in /n/home06/mbritt/.conda/envs/afqmc_env/lib/python3.12/site-packages (2.6.2)
Requirement already satisfied: jax in /n/home06/mbritt/.conda/envs/afqmc_env/lib/python3.12/site-packages (0.4.28)
Requirement already satisfied: scipy in /n/home06/mbritt/.conda/envs/afqmc_env/lib/python3.12/site-packages (1.14.0)
Requirement already satisfied: numpy in /n/home06/mbritt/.conda/envs/afqmc_env/lib/python3.12/site-packages (2.0.0)
Requirement already satisfied: matplotlib in /n/home06/mbritt/.conda/envs/afqmc_env/lib/python3.12/site-packages (3.9.1)
Requirement already satisfied: numpyro in /n/home06/mbritt/.conda/envs/afqmc_env/lib/python3.12/site-packages (0.17.0)
Requirement already satisfied: optax in /n/home06/mbritt/.conda/envs/afqmc_env/lib/python3.12/site-packages (0.2.4)
Requirement already satisfied: h5py>=2.7 in /n/home06/mbritt/.conda/envs/afqmc_env/lib/python3.12/site-packages (from pyscf) (3.11.0)
Requirement already satisfied: setuptools in /n/home06/mbritt/.conda/envs/afqmc_env/lib/python3.12/site-packages (from pyscf) (70.3.0)
Requirement already satisfied: ml-dtypes>=0.2.0 in /n/home06/mbritt/.conda/envs/afqmc_env/lib/python3.12/site-packages (from jax) (0.4.0)
Requirement already satisfied: opt-einsum in /n/home06/mbritt/.conda/envs/afqmc_env/lib/python3.12/site-packages (from jax) (3.3.0)
Requirement already satisfied: contourpy>=1.0.1 in /n/home06/mbritt/.conda/envs/afqmc_env/lib/python3.12/site-packages (from matplotlib) (1.2.1)
Requirement already satisfied: cycler>=0.10 in /n/home06/mbritt/.conda/envs/afqmc_env/lib/python3.12/site-packages (from matplotlib) (0.12.1)
Requirement already satisfied: fonttools>=4.22.0 in /n/home06/mbritt/.conda/envs/afqmc_env/lib/python3.12/site-packages (from matplotlib) (4.53.1)
Requirement already satisfied: kiwisolver>=1.3.1 in /n/home06/mbritt/.conda/envs/afqmc_env/lib/python3.12/site-packages (from matplotlib) (1.4.5)
Requirement already satisfied: packaging>=20.0 in /n/home06/mbritt/.conda/envs/afqmc_env/lib/python3.12/site-packages (from matplotlib) (24.1)
Requirement already satisfied: pillow>=8 in /n/home06/mbritt/.conda/envs/afqmc_env/lib/python3.12/site-packages (from matplotlib) (10.4.0)
Requirement already satisfied: pyparsing>=2.3.1 in /n/home06/mbritt/.conda/envs/afqmc_env/lib/python3.12/site-packages (from matplotlib) (3.1.2)
Requirement already satisfied: python-dateutil>=2.7 in /n/home06/mbritt/.conda/envs/afqmc_env/lib/python3.12/site-packages (from matplotlib) (2.9.0)
Requirement already satisfied: jaxlib>=0.4.25 in /n/home06/mbritt/.conda/envs/afqmc_env/lib/python3.12/site-packages (from numpyro) (0.4.28.dev20240710)
Requirement already satisfied: multipledispatch in /n/home06/mbritt/.conda/envs/afqmc_env/lib/python3.12/site-packages (from numpyro) (1.0.0)
Requirement already satisfied: tqdm in /n/home06/mbritt/.conda/envs/afqmc_env/lib/python3.12/site-packages (from numpyro) (4.67.1)
Requirement already satisfied: absl-py>=0.7.1 in /n/home06/mbritt/.conda/envs/afqmc_env/lib/python3.12/site-packages (from optax) (2.1.0)
Requirement already satisfied: chex>=0.1.87 in /n/home06/mbritt/.conda/envs/afqmc_env/lib/python3.12/site-packages (from optax) (0.1.89)
Requirement already satisfied: etils[epy] in /n/home06/mbritt/.conda/envs/afqmc_env/lib/python3.12/site-packages (from optax) (1.12.2)
Requirement already satisfied: typing_extensions>=4.2.0 in /n/home06/mbritt/.conda/envs/afqmc_env/lib/python3.12/site-packages (from chex>=0.1.87->optax) (4.12.2)
Requirement already satisfied: toolz>=0.9.0 in /n/home06/mbritt/.conda/envs/afqmc_env/lib/python3.12/site-packages (from chex>=0.1.87->optax) (1.0.0)
Requirement already satisfied: six>=1.5 in /n/home06/mbritt/.conda/envs/afqmc_env/lib/python3.12/site-packages (from python-dateutil>=2.7->matplotlib) (1.16.0)
-rw-r--r--. 1 mbritt joonholee_lab 20230 Apr  1 23:28 lbfgs_fast.py
Running H2
converged SCF energy = -1.1031409704839  <S^2> = 2.220446e-16  2S+1 = 1
