/n/home06/mbritt/.conda/envs/afqmc_env/bin/pip
Requirement already satisfied: pip in /n/home06/mbritt/.conda/envs/afqmc_env/lib/python3.12/site-packages (25.0.1)
Requirement already satisfied: pyscf in /n/home06/mbritt/.conda/envs/afqmc_env/lib/python3.12/site-packages (2.6.2)
Requirement already satisfied: jax in /n/home06/mbritt/.conda/envs/afqmc_env/lib/python3.12/site-packages (0.4.28)
Requirement already satisfied: scipy in /n/home06/mbritt/.conda/envs/afqmc_env/lib/python3.12/site-packages (1.14.0)
Requirement already satisfied: numpy in /n/home06/mbritt/.conda/envs/afqmc_env/lib/python3.12/site-packages (2.0.0)
Requirement already satisfied: matplotlib in /n/home06/mbritt/.conda/envs/afqmc_env/lib/python3.12/site-packages (3.9.1)
Requirement already satisfied: numpyro in /n/home06/mbritt/.conda/envs/afqmc_env/lib/python3.12/site-packages (0.17.0)
Requirement already satisfied: optax in /n/home06/mbritt/.conda/envs/afqmc_env/lib/python3.12/site-packages (0.2.4)
Requirement already satisfied: arviz in /n/home06/mbritt/.conda/envs/afqmc_env/lib/python3.12/site-packages (0.21.0)
Requirement already satisfied: h5py>=2.7 in /n/home06/mbritt/.conda/envs/afqmc_env/lib/python3.12/site-packages (from pyscf) (3.11.0)
Requirement already satisfied: setuptools in /n/home06/mbritt/.conda/envs/afqmc_env/lib/python3.12/site-packages (from pyscf) (70.3.0)
Requirement already satisfied: ml-dtypes>=0.2.0 in /n/home06/mbritt/.conda/envs/afqmc_env/lib/python3.12/site-packages (from jax) (0.4.0)
Requirement already satisfied: opt-einsum in /n/home06/mbritt/.conda/envs/afqmc_env/lib/python3.12/site-packages (from jax) (3.3.0)
Requirement already satisfied: contourpy>=1.0.1 in /n/home06/mbritt/.conda/envs/afqmc_env/lib/python3.12/site-packages (from matplotlib) (1.2.1)
Requirement already satisfied: cycler>=0.10 in /n/home06/mbritt/.conda/envs/afqmc_env/lib/python3.12/site-packages (from matplotlib) (0.12.1)
Requirement already satisfied: fonttools>=4.22.0 in /n/home06/mbritt/.conda/envs/afqmc_env/lib/python3.12/site-packages (from matplotlib) (4.53.1)
Requirement already satisfied: kiwisolver>=1.3.1 in /n/home06/mbritt/.conda/envs/afqmc_env/lib/python3.12/site-packages (from matplotlib) (1.4.5)
Requirement already satisfied: packaging>=20.0 in /n/home06/mbritt/.conda/envs/afqmc_env/lib/python3.12/site-packages (from matplotlib) (24.1)
Requirement already satisfied: pillow>=8 in /n/home06/mbritt/.conda/envs/afqmc_env/lib/python3.12/site-packages (from matplotlib) (10.4.0)
Requirement already satisfied: pyparsing>=2.3.1 in /n/home06/mbritt/.conda/envs/afqmc_env/lib/python3.12/site-packages (from matplotlib) (3.1.2)
Requirement already satisfied: python-dateutil>=2.7 in /n/home06/mbritt/.conda/envs/afqmc_env/lib/python3.12/site-packages (from matplotlib) (2.9.0)
Requirement already satisfied: jaxlib>=0.4.25 in /n/home06/mbritt/.conda/envs/afqmc_env/lib/python3.12/site-packages (from numpyro) (0.4.28.dev20240710)
Requirement already satisfied: multipledispatch in /n/home06/mbritt/.conda/envs/afqmc_env/lib/python3.12/site-packages (from numpyro) (1.0.0)
Requirement already satisfied: tqdm in /n/home06/mbritt/.conda/envs/afqmc_env/lib/python3.12/site-packages (from numpyro) (4.67.1)
Requirement already satisfied: absl-py>=0.7.1 in /n/home06/mbritt/.conda/envs/afqmc_env/lib/python3.12/site-packages (from optax) (2.1.0)
Requirement already satisfied: chex>=0.1.87 in /n/home06/mbritt/.conda/envs/afqmc_env/lib/python3.12/site-packages (from optax) (0.1.89)
Requirement already satisfied: etils[epy] in /n/home06/mbritt/.conda/envs/afqmc_env/lib/python3.12/site-packages (from optax) (1.12.2)
Requirement already satisfied: pandas>=1.5.0 in /n/home06/mbritt/.conda/envs/afqmc_env/lib/python3.12/site-packages (from arviz) (2.2.2)
Requirement already satisfied: xarray>=2022.6.0 in /n/home06/mbritt/.conda/envs/afqmc_env/lib/python3.12/site-packages (from arviz) (2025.3.1)
Requirement already satisfied: h5netcdf>=1.0.2 in /n/home06/mbritt/.conda/envs/afqmc_env/lib/python3.12/site-packages (from arviz) (1.6.1)
Requirement already satisfied: typing-extensions>=4.1.0 in /n/home06/mbritt/.conda/envs/afqmc_env/lib/python3.12/site-packages (from arviz) (4.12.2)
Requirement already satisfied: xarray-einstats>=0.3 in /n/home06/mbritt/.conda/envs/afqmc_env/lib/python3.12/site-packages (from arviz) (0.8.0)
Requirement already satisfied: toolz>=0.9.0 in /n/home06/mbritt/.conda/envs/afqmc_env/lib/python3.12/site-packages (from chex>=0.1.87->optax) (1.0.0)
Requirement already satisfied: pytz>=2020.1 in /n/home06/mbritt/.conda/envs/afqmc_env/lib/python3.12/site-packages (from pandas>=1.5.0->arviz) (2024.1)
Requirement already satisfied: tzdata>=2022.7 in /n/home06/mbritt/.conda/envs/afqmc_env/lib/python3.12/site-packages (from pandas>=1.5.0->arviz) (2024.1)
Requirement already satisfied: six>=1.5 in /n/home06/mbritt/.conda/envs/afqmc_env/lib/python3.12/site-packages (from python-dateutil>=2.7->matplotlib) (1.16.0)
# packages in environment at /n/home06/mbritt/.conda/envs/afqmc_env:
#
# Name                    Version                   Build  Channel
_libgcc_mutex             0.1                 conda_forge    conda-forge
_openmp_mutex             4.5                  2_kmp_llvm    conda-forge
absl-py                   2.1.0                    pypi_0    pypi
alsa-lib                  1.2.12               h4ab18f5_0    conda-forge
arviz                     0.21.0                   pypi_0    pypi
attr                      2.5.1                h166bdaf_1    conda-forge
beartype                  0.18.5                   pypi_0    pypi
brotli                    1.1.0                hd590300_1    conda-forge
brotli-bin                1.1.0                hd590300_1    conda-forge
bzip2                     1.0.8                h4bc722e_7    conda-forge
c-ares                    1.32.2               h4bc722e_0    conda-forge
ca-certificates           2024.7.4             hbcca054_0    conda-forge
cached-property           1.5.2                hd8ed1ab_1    conda-forge
cached_property           1.5.2              pyha770c72_1    conda-forge
cairo                     1.18.0               hbb29018_2    conda-forge
certifi                   2024.7.4           pyhd8ed1ab_0    conda-forge
chex                      0.1.89                   pypi_0    pypi
contourpy                 1.2.1           py312h8572e83_0    conda-forge
cycler                    0.12.1             pyhd8ed1ab_0    conda-forge
dbus                      1.13.6               h5008d03_3    conda-forge
etils                     1.12.2                   pypi_0    pypi
expat                     2.6.2                h59595ed_0    conda-forge
font-ttf-dejavu-sans-mono 2.37                 hab24e00_0    conda-forge
font-ttf-inconsolata      3.000                h77eed37_0    conda-forge
font-ttf-source-code-pro  2.038                h77eed37_0    conda-forge
font-ttf-ubuntu           0.83                 h77eed37_2    conda-forge
fontconfig                2.14.2               h14ed4e7_0    conda-forge
fonts-conda-ecosystem     1                             0    conda-forge
fonts-conda-forge         1                             0    conda-forge
fonttools                 4.53.1          py312h41a817b_0    conda-forge
freetype                  2.12.1               h267a509_2    conda-forge
gettext                   0.22.5               h59595ed_2    conda-forge
gettext-tools             0.22.5               h59595ed_2    conda-forge
glib                      2.80.3               h8a4344b_1    conda-forge
glib-tools                2.80.3               h73ef956_1    conda-forge
graphite2                 1.3.13            h59595ed_1003    conda-forge
gst-plugins-base          1.24.5               hbaaba92_0    conda-forge
gstreamer                 1.24.5               haf2f30d_0    conda-forge
h5netcdf                  1.6.1                    pypi_0    pypi
h5py                      3.11.0          nompi_py312hb7ab980_102    conda-forge
harfbuzz                  8.5.0                hfac3d4d_0    conda-forge
hdf5                      1.14.3          nompi_hdf9ad27_105    conda-forge
icu                       73.2                 h59595ed_0    conda-forge
importlib-metadata        8.0.0              pyha770c72_0    conda-forge
importlib_metadata        8.0.0                hd8ed1ab_0    conda-forge
iniconfig                 2.0.0                    pypi_0    pypi
ipie                      0.7.1                    pypi_0    pypi
jax                       0.4.28             pyhd8ed1ab_0    conda-forge
jaxlib                    0.4.28          cpu_py312h17e8b90_0    conda-forge
keyutils                  1.6.1                h166bdaf_0    conda-forge
kiwisolver                1.4.5           py312h8572e83_1    conda-forge
krb5                      1.21.3               h659f571_0    conda-forge
lame                      3.100             h166bdaf_1003    conda-forge
lcms2                     2.16                 hb7c19ff_0    conda-forge
ld_impl_linux-64          2.40                 hf3520f5_7    conda-forge
lerc                      4.0.0                h27087fc_0    conda-forge
libabseil                 20240116.2      cxx17_he02047a_1    conda-forge
libaec                    1.1.3                h59595ed_0    conda-forge
libasprintf               0.22.5               h661eb56_2    conda-forge
libasprintf-devel         0.22.5               h661eb56_2    conda-forge
libblas                   3.9.0           22_linux64_openblas    conda-forge
libbrotlicommon           1.1.0                hd590300_1    conda-forge
libbrotlidec              1.1.0                hd590300_1    conda-forge
libbrotlienc              1.1.0                hd590300_1    conda-forge
libcap                    2.69                 h0f662aa_0    conda-forge
libcblas                  3.9.0           22_linux64_openblas    conda-forge
libcint                   6.1.2                h4ab18f5_0    conda-forge
libclang-cpp15            15.0.7          default_h127d8a8_5    conda-forge
libclang13                18.1.8          default_h6ae225f_0    conda-forge
libcups                   2.3.3                h4637d8d_4    conda-forge
libcurl                   8.8.0                hca28451_1    conda-forge
libdeflate                1.20                 hd590300_0    conda-forge
libedit                   3.1.20191231         he28a2e2_2    conda-forge
libev                     4.33                 hd590300_2    conda-forge
libevent                  2.1.12               hf998b51_1    conda-forge
libexpat                  2.6.2                h59595ed_0    conda-forge
libffi                    3.4.2                h7f98852_5    conda-forge
libflac                   1.4.3                h59595ed_0    conda-forge
libgcc-ng                 14.1.0               h77fa898_0    conda-forge
libgcrypt                 1.11.0               h4ab18f5_0    conda-forge
libgettextpo              0.22.5               h59595ed_2    conda-forge
libgettextpo-devel        0.22.5               h59595ed_2    conda-forge
libgfortran-ng            14.1.0               h69a702a_0    conda-forge
libgfortran5              14.1.0               hc5f4f2c_0    conda-forge
libglib                   2.80.3               h8a4344b_1    conda-forge
libgpg-error              1.50                 h4f305b6_0    conda-forge
libgrpc                   1.62.2               h15f2491_0    conda-forge
libiconv                  1.17                 hd590300_2    conda-forge
libjpeg-turbo             3.0.0                hd590300_1    conda-forge
liblapack                 3.9.0           22_linux64_openblas    conda-forge
libllvm15                 15.0.7               hb3ce162_4    conda-forge
libllvm18                 18.1.8               h8b73ec9_1    conda-forge
libnghttp2                1.58.0               h47da74e_1    conda-forge
libnsl                    2.0.1                hd590300_0    conda-forge
libogg                    1.3.5                h4ab18f5_0    conda-forge
libopenblas               0.3.27          pthreads_hac2b453_1    conda-forge
libopus                   1.3.1                h7f98852_1    conda-forge
libpng                    1.6.43               h2797004_0    conda-forge
libpq                     16.3                 ha72fbe1_0    conda-forge
libprotobuf               4.25.3               h08a7969_0    conda-forge
libre2-11                 2023.09.01           h5a48ba9_2    conda-forge
libsndfile                1.2.2                hc60ed4a_1    conda-forge
libsqlite                 3.46.0               hde9e2c9_0    conda-forge
libssh2                   1.11.0               h0841786_0    conda-forge
libstdcxx-ng              14.1.0               hc0a3c3a_0    conda-forge
libsystemd0               255                  h3516f8a_1    conda-forge
libtiff                   4.6.0                h1dd3fc0_3    conda-forge
libuuid                   2.38.1               h0b41bf4_0    conda-forge
libvorbis                 1.3.7                h9c3ff4c_0    conda-forge
libwebp-base              1.4.0                hd590300_0    conda-forge
libxc-c                   6.2.2            cpu_h1b64f48_4    conda-forge
libxcb                    1.16                 hd590300_0    conda-forge
libxcrypt                 4.4.36               hd590300_1    conda-forge
libxkbcommon              1.7.0                h2c5496b_1    conda-forge
libxml2                   2.12.7               h4c95cb1_3    conda-forge
libzlib                   1.3.1                h4ab18f5_1    conda-forge
llvm-openmp               18.1.8               hf5423f3_0    conda-forge
llvmlite                  0.43.0                   pypi_0    pypi
lz4-c                     1.9.4                hcb278e6_0    conda-forge
markdown-it-py            3.0.0                    pypi_0    pypi
matplotlib                3.9.1           py312h7900ff3_0    conda-forge
matplotlib-base           3.9.1           py312h9201f00_0    conda-forge
mdurl                     0.1.2                    pypi_0    pypi
ml_dtypes                 0.4.0           py312h1d6d2e6_1    conda-forge
mpg123                    1.32.6               h59595ed_0    conda-forge
multipledispatch          1.0.0                    pypi_0    pypi
munkres                   1.1.4              pyh9f0ad1d_0    conda-forge
mysql-common              8.3.0                hf1915f5_4    conda-forge
mysql-libs                8.3.0                hca2cd23_4    conda-forge
ncurses                   6.5                  h59595ed_0    conda-forge
nspr                      4.35                 h27087fc_0    conda-forge
nss                       3.102                h593d115_0    conda-forge
numba                     0.60.0                   pypi_0    pypi
numpy                     2.0.0           py312h22e1c76_0    conda-forge
numpyro                   0.17.0                   pypi_0    pypi
openjpeg                  2.5.2                h488ebb8_0    conda-forge
openssl                   3.3.1                h4bc722e_2    conda-forge
opt-einsum                3.3.0                hd8ed1ab_2    conda-forge
opt_einsum                3.3.0              pyhc1e730c_2    conda-forge
optax                     0.2.4                    pypi_0    pypi
packaging                 24.1               pyhd8ed1ab_0    conda-forge
pandas                    2.2.2                    pypi_0    pypi
pcre2                     10.44                h0f59acf_0    conda-forge
pillow                    10.4.0          py312h287a98d_0    conda-forge
pip                       25.0.1                   pypi_0    pypi
pixman                    0.43.2               h59595ed_0    conda-forge
pluggy                    1.5.0                    pypi_0    pypi
plum-dispatch             2.5.2                    pypi_0    pypi
ply                       3.11               pyhd8ed1ab_2    conda-forge
pthread-stubs             0.4               h36c2ea0_1001    conda-forge
pulseaudio-client         17.0                 hb77b528_0    conda-forge
pybind11-abi              4                    hd8ed1ab_3    conda-forge
pygments                  2.18.0                   pypi_0    pypi
pyparsing                 3.1.2              pyhd8ed1ab_0    conda-forge
pyqt                      5.15.9          py312h949fe66_5    conda-forge
pyqt5-sip                 12.12.2         py312h30efb56_5    conda-forge
pyscf                     2.6.2           py312h974a264_0    conda-forge
pytest                    8.2.2                    pypi_0    pypi
python                    3.12.4          h194c7f8_0_cpython    conda-forge
python-dateutil           2.9.0              pyhd8ed1ab_0    conda-forge
python_abi                3.12                    4_cp312    conda-forge
pytz                      2024.1                   pypi_0    pypi
qhull                     2020.2               h434a139_5    conda-forge
qt-main                   5.15.8              ha2b5568_22    conda-forge
re2                       2023.09.01           h7f4b329_2    conda-forge
readline                  8.2                  h8228510_1    conda-forge
rich                      13.7.1                   pypi_0    pypi
scipy                     1.14.0          py312hc2bc53b_1    conda-forge
setuptools                70.3.0             pyhd8ed1ab_0    conda-forge
sip                       6.7.12          py312h30efb56_0    conda-forge
six                       1.16.0             pyh6c4a22f_0    conda-forge
tk                        8.6.13          noxft_h4845f30_101    conda-forge
toml                      0.10.2             pyhd8ed1ab_0    conda-forge
tomli                     2.0.1              pyhd8ed1ab_0    conda-forge
toolz                     1.0.0                    pypi_0    pypi
tornado                   6.4.1           py312h9a8786e_0    conda-forge
tqdm                      4.67.1                   pypi_0    pypi
typing-extensions         4.12.2                   pypi_0    pypi
tzdata                    2024.1                   pypi_0    pypi
wheel                     0.43.0             pyhd8ed1ab_1    conda-forge
xarray                    2025.3.1                 pypi_0    pypi
xarray-einstats           0.8.0                    pypi_0    pypi
xcb-util                  0.4.1                hb711507_2    conda-forge
xcb-util-image            0.4.0                hb711507_2    conda-forge
xcb-util-keysyms          0.4.1                hb711507_0    conda-forge
xcb-util-renderutil       0.3.10               hb711507_0    conda-forge
xcb-util-wm               0.4.2                hb711507_0    conda-forge
xcfun                     2.1.1                h5b9907d_7    conda-forge
xkeyboard-config          2.42                 h4ab18f5_0    conda-forge
xorg-kbproto              1.0.7             h7f98852_1002    conda-forge
xorg-libice               1.1.1                hd590300_0    conda-forge
xorg-libsm                1.2.4                h7391055_0    conda-forge
xorg-libx11               1.8.9                hb711507_1    conda-forge
xorg-libxau               1.0.11               hd590300_0    conda-forge
xorg-libxdmcp             1.1.3                h7f98852_0    conda-forge
xorg-libxext              1.3.4                h0b41bf4_2    conda-forge
xorg-libxrender           0.9.11               hd590300_0    conda-forge
xorg-renderproto          0.11.1            h7f98852_1002    conda-forge
xorg-xextproto            7.3.0             h0b41bf4_1003    conda-forge
xorg-xf86vidmodeproto     2.3.1             h7f98852_1002    conda-forge
xorg-xproto               7.0.31            h7f98852_1007    conda-forge
xz                        5.2.6                h166bdaf_0    conda-forge
zipp                      3.19.2             pyhd8ed1ab_0    conda-forge
zlib                      1.3.1                h4ab18f5_1    conda-forge
zstd                      1.5.6                ha6fb4c9_0    conda-forge
Running pes.py for distance  Å
PES scan complete.
