/n/home06/mbritt/.conda/envs/afqmc_env/bin/pip
Requirement already satisfied: pip in /n/home06/mbritt/.conda/envs/afqmc_env/lib/python3.12/site-packages (25.0.1)
Requirement already satisfied: pyscf in /n/home06/mbritt/.conda/envs/afqmc_env/lib/python3.12/site-packages (2.6.2)
Requirement already satisfied: jax in /n/home06/mbritt/.conda/envs/afqmc_env/lib/python3.12/site-packages (0.4.28)
Requirement already satisfied: scipy in /n/home06/mbritt/.conda/envs/afqmc_env/lib/python3.12/site-packages (1.14.0)
Requirement already satisfied: numpy in /n/home06/mbritt/.conda/envs/afqmc_env/lib/python3.12/site-packages (2.0.0)
Requirement already satisfied: matplotlib in /n/home06/mbritt/.conda/envs/afqmc_env/lib/python3.12/site-packages (3.9.1)
Requirement already satisfied: numpyro in /n/home06/mbritt/.conda/envs/afqmc_env/lib/python3.12/site-packages (0.17.0)
Requirement already satisfied: h5py>=2.7 in /n/home06/mbritt/.conda/envs/afqmc_env/lib/python3.12/site-packages (from pyscf) (3.11.0)
Requirement already satisfied: setuptools in /n/home06/mbritt/.conda/envs/afqmc_env/lib/python3.12/site-packages (from pyscf) (70.3.0)
Requirement already satisfied: ml-dtypes>=0.2.0 in /n/home06/mbritt/.conda/envs/afqmc_env/lib/python3.12/site-packages (from jax) (0.4.0)
Requirement already satisfied: opt-einsum in /n/home06/mbritt/.conda/envs/afqmc_env/lib/python3.12/site-packages (from jax) (3.3.0)
Requirement already satisfied: contourpy>=1.0.1 in /n/home06/mbritt/.conda/envs/afqmc_env/lib/python3.12/site-packages (from matplotlib) (1.2.1)
Requirement already satisfied: cycler>=0.10 in /n/home06/mbritt/.conda/envs/afqmc_env/lib/python3.12/site-packages (from matplotlib) (0.12.1)
Requirement already satisfied: fonttools>=4.22.0 in /n/home06/mbritt/.conda/envs/afqmc_env/lib/python3.12/site-packages (from matplotlib) (4.53.1)
Requirement already satisfied: kiwisolver>=1.3.1 in /n/home06/mbritt/.conda/envs/afqmc_env/lib/python3.12/site-packages (from matplotlib) (1.4.5)
Requirement already satisfied: packaging>=20.0 in /n/home06/mbritt/.conda/envs/afqmc_env/lib/python3.12/site-packages (from matplotlib) (24.1)
Requirement already satisfied: pillow>=8 in /n/home06/mbritt/.conda/envs/afqmc_env/lib/python3.12/site-packages (from matplotlib) (10.4.0)
Requirement already satisfied: pyparsing>=2.3.1 in /n/home06/mbritt/.conda/envs/afqmc_env/lib/python3.12/site-packages (from matplotlib) (3.1.2)
Requirement already satisfied: python-dateutil>=2.7 in /n/home06/mbritt/.conda/envs/afqmc_env/lib/python3.12/site-packages (from matplotlib) (2.9.0)
Requirement already satisfied: jaxlib>=0.4.25 in /n/home06/mbritt/.conda/envs/afqmc_env/lib/python3.12/site-packages (from numpyro) (0.4.28.dev20240710)
Requirement already satisfied: multipledispatch in /n/home06/mbritt/.conda/envs/afqmc_env/lib/python3.12/site-packages (from numpyro) (1.0.0)
Requirement already satisfied: tqdm in /n/home06/mbritt/.conda/envs/afqmc_env/lib/python3.12/site-packages (from numpyro) (4.67.1)
Requirement already satisfied: six>=1.5 in /n/home06/mbritt/.conda/envs/afqmc_env/lib/python3.12/site-packages (from python-dateutil>=2.7->matplotlib) (1.16.0)
# packages in environment at /n/home06/mbritt/.conda/envs/afqmc_env:
#
# Name                    Version                   Build  Channel
_libgcc_mutex             0.1                 conda_forge    conda-forge
_openmp_mutex             4.5                  2_kmp_llvm    conda-forge
alsa-lib                  1.2.12               h4ab18f5_0    conda-forge
attr                      2.5.1                h166bdaf_1    conda-forge
beartype                  0.18.5                   pypi_0    pypi
brotli                    1.1.0                hd590300_1    conda-forge
brotli-bin                1.1.0                hd590300_1    conda-forge
bzip2                     1.0.8                h4bc722e_7    conda-forge
c-ares                    1.32.2               h4bc722e_0    conda-forge
ca-certificates           2024.7.4             hbcca054_0    conda-forge
cached-property           1.5.2                hd8ed1ab_1    conda-forge
cached_property           1.5.2              pyha770c72_1    conda-forge
cairo                     1.18.0               hbb29018_2    conda-forge
certifi                   2024.7.4           pyhd8ed1ab_0    conda-forge
contourpy                 1.2.1           py312h8572e83_0    conda-forge
cycler                    0.12.1             pyhd8ed1ab_0    conda-forge
dbus                      1.13.6               h5008d03_3    conda-forge
expat                     2.6.2                h59595ed_0    conda-forge
font-ttf-dejavu-sans-mono 2.37                 hab24e00_0    conda-forge
font-ttf-inconsolata      3.000                h77eed37_0    conda-forge
font-ttf-source-code-pro  2.038                h77eed37_0    conda-forge
font-ttf-ubuntu           0.83                 h77eed37_2    conda-forge
fontconfig                2.14.2               h14ed4e7_0    conda-forge
fonts-conda-ecosystem     1                             0    conda-forge
fonts-conda-forge         1                             0    conda-forge
fonttools                 4.53.1          py312h41a817b_0    conda-forge
freetype                  2.12.1               h267a509_2    conda-forge
gettext                   0.22.5               h59595ed_2    conda-forge
gettext-tools             0.22.5               h59595ed_2    conda-forge
glib                      2.80.3               h8a4344b_1    conda-forge
glib-tools                2.80.3               h73ef956_1    conda-forge
graphite2                 1.3.13            h59595ed_1003    conda-forge
gst-plugins-base          1.24.5               hbaaba92_0    conda-forge
gstreamer                 1.24.5               haf2f30d_0    conda-forge
h5py                      3.11.0          nompi_py312hb7ab980_102    conda-forge
harfbuzz                  8.5.0                hfac3d4d_0    conda-forge
hdf5                      1.14.3          nompi_hdf9ad27_105    conda-forge
icu                       73.2                 h59595ed_0    conda-forge
importlib-metadata        8.0.0              pyha770c72_0    conda-forge
importlib_metadata        8.0.0                hd8ed1ab_0    conda-forge
iniconfig                 2.0.0                    pypi_0    pypi
ipie                      0.7.1                    pypi_0    pypi
jax                       0.4.28             pyhd8ed1ab_0    conda-forge
jaxlib                    0.4.28          cpu_py312h17e8b90_0    conda-forge
keyutils                  1.6.1                h166bdaf_0    conda-forge
kiwisolver                1.4.5           py312h8572e83_1    conda-forge
krb5                      1.21.3               h659f571_0    conda-forge
lame                      3.100             h166bdaf_1003    conda-forge
lcms2                     2.16                 hb7c19ff_0    conda-forge
ld_impl_linux-64          2.40                 hf3520f5_7    conda-forge
lerc                      4.0.0                h27087fc_0    conda-forge
libabseil                 20240116.2      cxx17_he02047a_1    conda-forge
libaec                    1.1.3                h59595ed_0    conda-forge
libasprintf               0.22.5               h661eb56_2    conda-forge
libasprintf-devel         0.22.5               h661eb56_2    conda-forge
libblas                   3.9.0           22_linux64_openblas    conda-forge
libbrotlicommon           1.1.0                hd590300_1    conda-forge
libbrotlidec              1.1.0                hd590300_1    conda-forge
libbrotlienc              1.1.0                hd590300_1    conda-forge
libcap                    2.69                 h0f662aa_0    conda-forge
libcblas                  3.9.0           22_linux64_openblas    conda-forge
libcint                   6.1.2                h4ab18f5_0    conda-forge
libclang-cpp15            15.0.7          default_h127d8a8_5    conda-forge
libclang13                18.1.8          default_h6ae225f_0    conda-forge
libcups                   2.3.3                h4637d8d_4    conda-forge
libcurl                   8.8.0                hca28451_1    conda-forge
libdeflate                1.20                 hd590300_0    conda-forge
libedit                   3.1.20191231         he28a2e2_2    conda-forge
libev                     4.33                 hd590300_2    conda-forge
libevent                  2.1.12               hf998b51_1    conda-forge
libexpat                  2.6.2                h59595ed_0    conda-forge
libffi                    3.4.2                h7f98852_5    conda-forge
libflac                   1.4.3                h59595ed_0    conda-forge
libgcc-ng                 14.1.0               h77fa898_0    conda-forge
libgcrypt                 1.11.0               h4ab18f5_0    conda-forge
libgettextpo              0.22.5               h59595ed_2    conda-forge
libgettextpo-devel        0.22.5               h59595ed_2    conda-forge
libgfortran-ng            14.1.0               h69a702a_0    conda-forge
libgfortran5              14.1.0               hc5f4f2c_0    conda-forge
libglib                   2.80.3               h8a4344b_1    conda-forge
libgpg-error              1.50                 h4f305b6_0    conda-forge
libgrpc                   1.62.2               h15f2491_0    conda-forge
libiconv                  1.17                 hd590300_2    conda-forge
libjpeg-turbo             3.0.0                hd590300_1    conda-forge
liblapack                 3.9.0           22_linux64_openblas    conda-forge
libllvm15                 15.0.7               hb3ce162_4    conda-forge
libllvm18                 18.1.8               h8b73ec9_1    conda-forge
libnghttp2                1.58.0               h47da74e_1    conda-forge
libnsl                    2.0.1                hd590300_0    conda-forge
libogg                    1.3.5                h4ab18f5_0    conda-forge
libopenblas               0.3.27          pthreads_hac2b453_1    conda-forge
libopus                   1.3.1                h7f98852_1    conda-forge
libpng                    1.6.43               h2797004_0    conda-forge
libpq                     16.3                 ha72fbe1_0    conda-forge
libprotobuf               4.25.3               h08a7969_0    conda-forge
libre2-11                 2023.09.01           h5a48ba9_2    conda-forge
libsndfile                1.2.2                hc60ed4a_1    conda-forge
libsqlite                 3.46.0               hde9e2c9_0    conda-forge
libssh2                   1.11.0               h0841786_0    conda-forge
libstdcxx-ng              14.1.0               hc0a3c3a_0    conda-forge
libsystemd0               255                  h3516f8a_1    conda-forge
libtiff                   4.6.0                h1dd3fc0_3    conda-forge
libuuid                   2.38.1               h0b41bf4_0    conda-forge
libvorbis                 1.3.7                h9c3ff4c_0    conda-forge
libwebp-base              1.4.0                hd590300_0    conda-forge
libxc-c                   6.2.2            cpu_h1b64f48_4    conda-forge
libxcb                    1.16                 hd590300_0    conda-forge
libxcrypt                 4.4.36               hd590300_1    conda-forge
libxkbcommon              1.7.0                h2c5496b_1    conda-forge
libxml2                   2.12.7               h4c95cb1_3    conda-forge
libzlib                   1.3.1                h4ab18f5_1    conda-forge
llvm-openmp               18.1.8               hf5423f3_0    conda-forge
llvmlite                  0.43.0                   pypi_0    pypi
lz4-c                     1.9.4                hcb278e6_0    conda-forge
markdown-it-py            3.0.0                    pypi_0    pypi
matplotlib                3.9.1           py312h7900ff3_0    conda-forge
matplotlib-base           3.9.1           py312h9201f00_0    conda-forge
mdurl                     0.1.2                    pypi_0    pypi
ml_dtypes                 0.4.0           py312h1d6d2e6_1    conda-forge
mpg123                    1.32.6               h59595ed_0    conda-forge
multipledispatch          1.0.0                    pypi_0    pypi
munkres                   1.1.4              pyh9f0ad1d_0    conda-forge
mysql-common              8.3.0                hf1915f5_4    conda-forge
mysql-libs                8.3.0                hca2cd23_4    conda-forge
ncurses                   6.5                  h59595ed_0    conda-forge
nspr                      4.35                 h27087fc_0    conda-forge
nss                       3.102                h593d115_0    conda-forge
numba                     0.60.0                   pypi_0    pypi
numpy                     2.0.0           py312h22e1c76_0    conda-forge
numpyro                   0.17.0                   pypi_0    pypi
openjpeg                  2.5.2                h488ebb8_0    conda-forge
openssl                   3.3.1                h4bc722e_2    conda-forge
opt-einsum                3.3.0                hd8ed1ab_2    conda-forge
opt_einsum                3.3.0              pyhc1e730c_2    conda-forge
packaging                 24.1               pyhd8ed1ab_0    conda-forge
pandas                    2.2.2                    pypi_0    pypi
pcre2                     10.44                h0f59acf_0    conda-forge
pillow                    10.4.0          py312h287a98d_0    conda-forge
pip                       25.0.1                   pypi_0    pypi
pixman                    0.43.2               h59595ed_0    conda-forge
pluggy                    1.5.0                    pypi_0    pypi
plum-dispatch             2.5.2                    pypi_0    pypi
ply                       3.11               pyhd8ed1ab_2    conda-forge
pthread-stubs             0.4               h36c2ea0_1001    conda-forge
pulseaudio-client         17.0                 hb77b528_0    conda-forge
pybind11-abi              4                    hd8ed1ab_3    conda-forge
pygments                  2.18.0                   pypi_0    pypi
pyparsing                 3.1.2              pyhd8ed1ab_0    conda-forge
pyqt                      5.15.9          py312h949fe66_5    conda-forge
pyqt5-sip                 12.12.2         py312h30efb56_5    conda-forge
pyscf                     2.6.2           py312h974a264_0    conda-forge
pytest                    8.2.2                    pypi_0    pypi
python                    3.12.4          h194c7f8_0_cpython    conda-forge
python-dateutil           2.9.0              pyhd8ed1ab_0    conda-forge
python_abi                3.12                    4_cp312    conda-forge
pytz                      2024.1                   pypi_0    pypi
qhull                     2020.2               h434a139_5    conda-forge
qt-main                   5.15.8              ha2b5568_22    conda-forge
re2                       2023.09.01           h7f4b329_2    conda-forge
readline                  8.2                  h8228510_1    conda-forge
rich                      13.7.1                   pypi_0    pypi
scipy                     1.14.0          py312hc2bc53b_1    conda-forge
setuptools                70.3.0             pyhd8ed1ab_0    conda-forge
sip                       6.7.12          py312h30efb56_0    conda-forge
six                       1.16.0             pyh6c4a22f_0    conda-forge
tk                        8.6.13          noxft_h4845f30_101    conda-forge
toml                      0.10.2             pyhd8ed1ab_0    conda-forge
tomli                     2.0.1              pyhd8ed1ab_0    conda-forge
tornado                   6.4.1           py312h9a8786e_0    conda-forge
tqdm                      4.67.1                   pypi_0    pypi
typing-extensions         4.12.2                   pypi_0    pypi
tzdata                    2024.1                   pypi_0    pypi
wheel                     0.43.0             pyhd8ed1ab_1    conda-forge
xcb-util                  0.4.1                hb711507_2    conda-forge
xcb-util-image            0.4.0                hb711507_2    conda-forge
xcb-util-keysyms          0.4.1                hb711507_0    conda-forge
xcb-util-renderutil       0.3.10               hb711507_0    conda-forge
xcb-util-wm               0.4.2                hb711507_0    conda-forge
xcfun                     2.1.1                h5b9907d_7    conda-forge
xkeyboard-config          2.42                 h4ab18f5_0    conda-forge
xorg-kbproto              1.0.7             h7f98852_1002    conda-forge
xorg-libice               1.1.1                hd590300_0    conda-forge
xorg-libsm                1.2.4                h7391055_0    conda-forge
xorg-libx11               1.8.9                hb711507_1    conda-forge
xorg-libxau               1.0.11               hd590300_0    conda-forge
xorg-libxdmcp             1.1.3                h7f98852_0    conda-forge
xorg-libxext              1.3.4                h0b41bf4_2    conda-forge
xorg-libxrender           0.9.11               hd590300_0    conda-forge
xorg-renderproto          0.11.1            h7f98852_1002    conda-forge
xorg-xextproto            7.3.0             h0b41bf4_1003    conda-forge
xorg-xf86vidmodeproto     2.3.1             h7f98852_1002    conda-forge
xorg-xproto               7.0.31            h7f98852_1007    conda-forge
xz                        5.2.6                h166bdaf_0    conda-forge
zipp                      3.19.2             pyhd8ed1ab_0    conda-forge
zlib                      1.3.1                h4ab18f5_1    conda-forge
zstd                      1.5.6                ha6fb4c9_0    conda-forge
Running pes.py for distance 0.1 Å
#INFO: **** input file is /n/home06/mbritt/VAFQMC/importancevafqmc/pes.py ****
import numpy as np
from pyscf import gto
import sys
import os
import csv
from hmc_vafqmc_lbfgs import Propagator
from itertools import zip_longest
sys.path.append('../')
from afqmc.ipieafqmc import ipierun

def run_simulation(dist):
    os.makedirs('./params-3', exist_ok=True) 
    natoms = 2
    nsteps = 5
    mol = gto.M(
    atom=[("H", 0, 0, i * dist) for i in range(natoms)],
    basis='sto-6g',
    unit='Bohr',
    verbose=5  
    )
    #ipie_energy = ipierun(mol)
    prop = Propagator(mol, dt=0.5, nsteps = nsteps, nwalkers=1000)

    # Run the simulation to get time and energy lists
    opt_params = prop.run()
    np.save(f'./params-3/optimal_param-{dist}s.npy', opt_params)

if __name__ == "__main__":
    dist = float(sys.argv[1])
    run_simulation(dist)



    
#INFO: ******************** input file end ********************


System: uname_result(system='Linux', node='holy8a24303.rc.fas.harvard.edu', release='4.18.0-513.18.1.el8_9.x86_64', version='#1 SMP Wed Feb 21 21:34:36 UTC 2024', machine='x86_64')  Threads 1
Python 3.12.4 | packaged by conda-forge | (main, Jun 17 2024, 10:23:07) [GCC 12.3.0]
numpy 2.0.0  scipy 1.14.0  h5py 3.11.0
Date: Sun Mar 16 16:11:25 2025
PySCF version 2.6.2
PySCF path  /n/home06/mbritt/.conda/envs/afqmc_env/lib/python3.12/site-packages/pyscf

[CONFIG] conf_file None
[INPUT] verbose = 5
[INPUT] max_memory = 4000 
[INPUT] num. atoms = 10
[INPUT] num. electrons = 10
[INPUT] charge = 0
[INPUT] spin (= nelec alpha-beta = 2S) = 0
[INPUT] symmetry False subgroup None
[INPUT] Mole.unit = Bohr
[INPUT] Symbol           X                Y                Z      unit          X                Y                Z       unit  Magmom
[INPUT]  1 H      0.000000000000   0.000000000000   0.000000000000 AA    0.000000000000   0.000000000000   0.000000000000 Bohr   0.0
[INPUT]  2 H      0.846683537472   0.000000000000   0.000000000000 AA    1.600000000000   0.000000000000   0.000000000000 Bohr   0.0
[INPUT]  3 H      1.693367074944   0.000000000000   0.000000000000 AA    3.200000000000   0.000000000000   0.000000000000 Bohr   0.0
[INPUT]  4 H      2.540050612416   0.000000000000   0.000000000000 AA    4.800000000000   0.000000000000   0.000000000000 Bohr   0.0
[INPUT]  5 H      3.386734149888   0.000000000000   0.000000000000 AA    6.400000000000   0.000000000000   0.000000000000 Bohr   0.0
[INPUT]  6 H      4.233417687360   0.000000000000   0.000000000000 AA    8.000000000000   0.000000000000   0.000000000000 Bohr   0.0
[INPUT]  7 H      5.080101224832   0.000000000000   0.000000000000 AA    9.600000000000   0.000000000000   0.000000000000 Bohr   0.0
[INPUT]  8 H      5.926784762304   0.000000000000   0.000000000000 AA   11.200000000000   0.000000000000   0.000000000000 Bohr   0.0
[INPUT]  9 H      6.773468299776   0.000000000000   0.000000000000 AA   12.800000000000   0.000000000000   0.000000000000 Bohr   0.0
[INPUT] 10 H      7.620151837248   0.000000000000   0.000000000000 AA   14.400000000000   0.000000000000   0.000000000000 Bohr   0.0
[INPUT] ---------------- BASIS SET ---------------- 
[INPUT] l, kappa, [nprim/nctr], expnt,             c_1 c_2 ...
[INPUT] H
[INPUT] 0    0    [6    /1   ]  35.52322122       0.00916359628
                                6.513143725       0.04936149294
                                1.822142904       0.1685383049
                                0.625955266       0.3705627997
                                0.243076747       0.4164915298
                                0.100112428       0.1303340841

nuclear repulsion = 12.0560515873016
number of shells = 10
number of NR pGTOs = 60
number of NR cGTOs = 10
basis = sto-6g
ecp = {}
CPU time:         1.49
#INFO: **** input file is /n/home06/mbritt/VAFQMC/importancevafqmc/pes.py ****
import numpy as np
from pyscf import gto
import sys
import os
import csv
from hmc_vafqmc_lbfgs import Propagator
from itertools import zip_longest
sys.path.append('../')
from afqmc.ipieafqmc import ipierun

def run_simulation(dist):
    os.makedirs('./params-3', exist_ok=True) 
    natoms = 2
    nsteps = 5
    mol = gto.M(
    atom=[("H", 0, 0, i * dist) for i in range(natoms)],
    basis='sto-6g',
    unit='Bohr',
    verbose=5  
    )
    #ipie_energy = ipierun(mol)
    prop = Propagator(mol, dt=0.5, nsteps = nsteps, nwalkers=1000)

    # Run the simulation to get time and energy lists
    opt_params = prop.run()
    np.save(f'./params-3/optimal_param-{dist}s.npy', opt_params)

if __name__ == "__main__":
    dist = float(sys.argv[1])
    run_simulation(dist)



    
#INFO: ******************** input file end ********************


System: uname_result(system='Linux', node='holy8a24303.rc.fas.harvard.edu', release='4.18.0-513.18.1.el8_9.x86_64', version='#1 SMP Wed Feb 21 21:34:36 UTC 2024', machine='x86_64')  Threads 1
Python 3.12.4 | packaged by conda-forge | (main, Jun 17 2024, 10:23:07) [GCC 12.3.0]
numpy 2.0.0  scipy 1.14.0  h5py 3.11.0
Date: Sun Mar 16 16:11:25 2025
PySCF version 2.6.2
PySCF path  /n/home06/mbritt/.conda/envs/afqmc_env/lib/python3.12/site-packages/pyscf

[CONFIG] conf_file None
[INPUT] verbose = 5
[INPUT] max_memory = 4000 
[INPUT] num. atoms = 2
[INPUT] num. electrons = 2
[INPUT] charge = 0
[INPUT] spin (= nelec alpha-beta = 2S) = 0
[INPUT] symmetry False subgroup None
[INPUT] Mole.unit = Bohr
[INPUT] Symbol           X                Y                Z      unit          X                Y                Z       unit  Magmom
[INPUT]  1 H      0.000000000000   0.000000000000   0.000000000000 AA    0.000000000000   0.000000000000   0.000000000000 Bohr   0.0
[INPUT]  2 H      0.000000000000   0.000000000000   0.052917721092 AA    0.000000000000   0.000000000000   0.100000000000 Bohr   0.0
[INPUT] ---------------- BASIS SET ---------------- 
[INPUT] l, kappa, [nprim/nctr], expnt,             c_1 c_2 ...
[INPUT] H
[INPUT] 0    0    [6    /1   ]  35.52322122       0.00916359628
                                6.513143725       0.04936149294
                                1.822142904       0.1685383049
                                0.625955266       0.3705627997
                                0.243076747       0.4164915298
                                0.100112428       0.1303340841

nuclear repulsion = 10
number of shells = 2
number of NR pGTOs = 12
number of NR cGTOs = 2
basis = sto-6g
ecp = {}
CPU time:         1.49


******** <class 'pyscf.scf.uhf.UHF'> ********
method = UHF
initial guess = minao
damping factor = 0
level_shift factor = 0
DIIS = <class 'pyscf.scf.diis.CDIIS'>
diis_start_cycle = 1
diis_space = 8
diis_damp = 0
SCF conv_tol = 1e-09
SCF conv_tol_grad = None
SCF max_cycles = 50
direct_scf = True
direct_scf_tol = 1e-13
chkfile to save SCF result = /tmp/tmpyehbghop
max_memory 4000 MB (current use 341 MB)
number electrons alpha = 1  beta = 1
cond(S) = 782.3937338634618
Set gradient conv threshold to 3.16228e-05
E1 = -1.6783459784272141  Ecoul = 0.0006146125660644996
init E= 8.32226863413885
    CPU time for initialize scf      0.13 sec, wall time      2.93 sec
  alpha nocc = 1  HOMO = -1.70251651948535  LUMO = 1.53272622596169
  beta  nocc = 1  HOMO = -0.938999300706942  LUMO = 1.68668695763787
  alpha mo_energy =
[-1.70251652  1.53272623]
  beta  mo_energy =
[-0.9389993   1.68668696]
multiplicity <S^2> = 2.220446e-16  2S+1 = 1
E1 = -3.406279731778276  Ecoul = 0.7742082187747943
cycle= 1 E= 7.36792848699652  delta_E= -0.954  |g|= 1.59e-15  |ddm|= 0.638
    CPU time for cycle= 1      0.00 sec, wall time      0.07 sec
  alpha nocc = 1  HOMO = -0.928931647114344  LUMO = 2.3149083020714
  beta  nocc = 1  HOMO = -0.928931647114344  LUMO = 2.31490830207142
  alpha mo_energy =
[-0.92893165  2.3149083 ]
  beta  mo_energy =
[-0.92893165  2.3149083 ]
multiplicity <S^2> = 4.4408921e-16  2S+1 = 1
E1 = -3.406279731778276  Ecoul = 0.7742082187747942
cycle= 2 E= 7.36792848699652  delta_E=    0  |g|= 1.2e-15  |ddm|= 2.18e-14
    CPU time for cycle= 2      0.00 sec, wall time      0.02 sec
  alpha nocc = 1  HOMO = -0.928931647114344  LUMO = 2.31490830207138
  beta  nocc = 1  HOMO = -0.928931647114344  LUMO = 2.31490830207138
  alpha mo_energy =
[-0.92893165  2.3149083 ]
  beta  mo_energy =
[-0.92893165  2.3149083 ]
multiplicity <S^2> = 4.4408921e-16  2S+1 = 1
E1 = -3.4062797317782754  Ecoul = 0.7742082187747942
Extra cycle  E= 7.36792848699652  delta_E=    0  |g|= 6.19e-16  |ddm|= 4.87e-15
    CPU time for scf_cycle      0.14 sec, wall time      3.03 sec
    CPU time for SCF      0.14 sec, wall time      3.06 sec
converged SCF energy = 7.36792848699652  <S^2> = 4.4408921e-16  2S+1 = 1
Running pes.py for distance 0.25 Å
#INFO: **** input file is /n/home06/mbritt/VAFQMC/importancevafqmc/pes.py ****
import numpy as np
from pyscf import gto
import sys
import os
import csv
from hmc_vafqmc_lbfgs import Propagator
from itertools import zip_longest
sys.path.append('../')
from afqmc.ipieafqmc import ipierun

def run_simulation(dist):
    os.makedirs('./params-3', exist_ok=True) 
    natoms = 2
    nsteps = 5
    mol = gto.M(
    atom=[("H", 0, 0, i * dist) for i in range(natoms)],
    basis='sto-6g',
    unit='Bohr',
    verbose=5  
    )
    #ipie_energy = ipierun(mol)
    prop = Propagator(mol, dt=0.5, nsteps = nsteps, nwalkers=1000)

    # Run the simulation to get time and energy lists
    opt_params = prop.run()
    np.save(f'./params-3/optimal_param-{dist}s.npy', opt_params)

if __name__ == "__main__":
    dist = float(sys.argv[1])
    run_simulation(dist)



    
#INFO: ******************** input file end ********************


System: uname_result(system='Linux', node='holy8a24303.rc.fas.harvard.edu', release='4.18.0-513.18.1.el8_9.x86_64', version='#1 SMP Wed Feb 21 21:34:36 UTC 2024', machine='x86_64')  Threads 1
Python 3.12.4 | packaged by conda-forge | (main, Jun 17 2024, 10:23:07) [GCC 12.3.0]
numpy 2.0.0  scipy 1.14.0  h5py 3.11.0
Date: Sun Mar 16 16:11:44 2025
PySCF version 2.6.2
PySCF path  /n/home06/mbritt/.conda/envs/afqmc_env/lib/python3.12/site-packages/pyscf

[CONFIG] conf_file None
[INPUT] verbose = 5
[INPUT] max_memory = 4000 
[INPUT] num. atoms = 10
[INPUT] num. electrons = 10
[INPUT] charge = 0
[INPUT] spin (= nelec alpha-beta = 2S) = 0
[INPUT] symmetry False subgroup None
[INPUT] Mole.unit = Bohr
[INPUT] Symbol           X                Y                Z      unit          X                Y                Z       unit  Magmom
[INPUT]  1 H      0.000000000000   0.000000000000   0.000000000000 AA    0.000000000000   0.000000000000   0.000000000000 Bohr   0.0
[INPUT]  2 H      0.846683537472   0.000000000000   0.000000000000 AA    1.600000000000   0.000000000000   0.000000000000 Bohr   0.0
[INPUT]  3 H      1.693367074944   0.000000000000   0.000000000000 AA    3.200000000000   0.000000000000   0.000000000000 Bohr   0.0
[INPUT]  4 H      2.540050612416   0.000000000000   0.000000000000 AA    4.800000000000   0.000000000000   0.000000000000 Bohr   0.0
[INPUT]  5 H      3.386734149888   0.000000000000   0.000000000000 AA    6.400000000000   0.000000000000   0.000000000000 Bohr   0.0
[INPUT]  6 H      4.233417687360   0.000000000000   0.000000000000 AA    8.000000000000   0.000000000000   0.000000000000 Bohr   0.0
[INPUT]  7 H      5.080101224832   0.000000000000   0.000000000000 AA    9.600000000000   0.000000000000   0.000000000000 Bohr   0.0
[INPUT]  8 H      5.926784762304   0.000000000000   0.000000000000 AA   11.200000000000   0.000000000000   0.000000000000 Bohr   0.0
[INPUT]  9 H      6.773468299776   0.000000000000   0.000000000000 AA   12.800000000000   0.000000000000   0.000000000000 Bohr   0.0
[INPUT] 10 H      7.620151837248   0.000000000000   0.000000000000 AA   14.400000000000   0.000000000000   0.000000000000 Bohr   0.0
[INPUT] ---------------- BASIS SET ---------------- 
[INPUT] l, kappa, [nprim/nctr], expnt,             c_1 c_2 ...
[INPUT] H
[INPUT] 0    0    [6    /1   ]  35.52322122       0.00916359628
                                6.513143725       0.04936149294
                                1.822142904       0.1685383049
                                0.625955266       0.3705627997
                                0.243076747       0.4164915298
                                0.100112428       0.1303340841

nuclear repulsion = 12.0560515873016
number of shells = 10
number of NR pGTOs = 60
number of NR cGTOs = 10
basis = sto-6g
ecp = {}
CPU time:         1.25
#INFO: **** input file is /n/home06/mbritt/VAFQMC/importancevafqmc/pes.py ****
import numpy as np
from pyscf import gto
import sys
import os
import csv
from hmc_vafqmc_lbfgs import Propagator
from itertools import zip_longest
sys.path.append('../')
from afqmc.ipieafqmc import ipierun

def run_simulation(dist):
    os.makedirs('./params-3', exist_ok=True) 
    natoms = 2
    nsteps = 5
    mol = gto.M(
    atom=[("H", 0, 0, i * dist) for i in range(natoms)],
    basis='sto-6g',
    unit='Bohr',
    verbose=5  
    )
    #ipie_energy = ipierun(mol)
    prop = Propagator(mol, dt=0.5, nsteps = nsteps, nwalkers=1000)

    # Run the simulation to get time and energy lists
    opt_params = prop.run()
    np.save(f'./params-3/optimal_param-{dist}s.npy', opt_params)

if __name__ == "__main__":
    dist = float(sys.argv[1])
    run_simulation(dist)



    
#INFO: ******************** input file end ********************


System: uname_result(system='Linux', node='holy8a24303.rc.fas.harvard.edu', release='4.18.0-513.18.1.el8_9.x86_64', version='#1 SMP Wed Feb 21 21:34:36 UTC 2024', machine='x86_64')  Threads 1
Python 3.12.4 | packaged by conda-forge | (main, Jun 17 2024, 10:23:07) [GCC 12.3.0]
numpy 2.0.0  scipy 1.14.0  h5py 3.11.0
Date: Sun Mar 16 16:11:44 2025
PySCF version 2.6.2
PySCF path  /n/home06/mbritt/.conda/envs/afqmc_env/lib/python3.12/site-packages/pyscf

[CONFIG] conf_file None
[INPUT] verbose = 5
[INPUT] max_memory = 4000 
[INPUT] num. atoms = 2
[INPUT] num. electrons = 2
[INPUT] charge = 0
[INPUT] spin (= nelec alpha-beta = 2S) = 0
[INPUT] symmetry False subgroup None
[INPUT] Mole.unit = Bohr
[INPUT] Symbol           X                Y                Z      unit          X                Y                Z       unit  Magmom
[INPUT]  1 H      0.000000000000   0.000000000000   0.000000000000 AA    0.000000000000   0.000000000000   0.000000000000 Bohr   0.0
[INPUT]  2 H      0.000000000000   0.000000000000   0.132294302730 AA    0.000000000000   0.000000000000   0.250000000000 Bohr   0.0
[INPUT] ---------------- BASIS SET ---------------- 
[INPUT] l, kappa, [nprim/nctr], expnt,             c_1 c_2 ...
[INPUT] H
[INPUT] 0    0    [6    /1   ]  35.52322122       0.00916359628
                                6.513143725       0.04936149294
                                1.822142904       0.1685383049
                                0.625955266       0.3705627997
                                0.243076747       0.4164915298
                                0.100112428       0.1303340841

nuclear repulsion = 4
number of shells = 2
number of NR pGTOs = 12
number of NR cGTOs = 2
basis = sto-6g
ecp = {}
CPU time:         1.25


******** <class 'pyscf.scf.uhf.UHF'> ********
method = UHF
initial guess = minao
damping factor = 0
level_shift factor = 0
DIIS = <class 'pyscf.scf.diis.CDIIS'>
diis_start_cycle = 1
diis_space = 8
diis_damp = 0
SCF conv_tol = 1e-09
SCF conv_tol_grad = None
SCF max_cycles = 50
direct_scf = True
direct_scf_tol = 1e-13
chkfile to save SCF result = /tmp/tmp8oicjry3
max_memory 4000 MB (current use 348 MB)
number electrons alpha = 1  beta = 1
cond(S) = 126.47387986138065
Set gradient conv threshold to 3.16228e-05
E1 = -1.634311369568582  Ecoul = 0.0037213448920641336
init E= 2.36940997532348
    CPU time for initialize scf      0.11 sec, wall time      1.03 sec
  alpha nocc = 1  HOMO = -1.66633396802958  LUMO = 1.21784199804532
  beta  nocc = 1  HOMO = -0.909938211325654  LUMO = 1.37644196293319
  alpha mo_energy =
[-1.66633397  1.217842  ]
  beta  mo_energy =
[-0.90993821  1.37644196]
multiplicity <S^2> = -4.4408921e-16  2S+1 = 1
E1 = -3.340255889123363  Ecoul = 0.7701674777885061
cycle= 1 E= 1.42991158866514  delta_E= -0.939  |g|= 2.36e-15  |ddm|= 0.641
    CPU time for cycle= 1      0.00 sec, wall time      0.00 sec
  alpha nocc = 1  HOMO = -0.899960466773175  LUMO = 1.99681975066633
  beta  nocc = 1  HOMO = -0.899960466773175  LUMO = 1.99681975066634
  alpha mo_energy =
[-0.89996047  1.99681975]
  beta  mo_energy =
[-0.89996047  1.99681975]
multiplicity <S^2> = 0  2S+1 = 1
E1 = -3.3402558891233625  Ecoul = 0.7701674777885057
cycle= 2 E= 1.42991158866514  delta_E=    0  |g|= 2.99e-16  |ddm|= 4.15e-15
    CPU time for cycle= 2      0.00 sec, wall time      0.00 sec
  alpha nocc = 1  HOMO = -0.899960466773175  LUMO = 1.99681975066635
  beta  nocc = 1  HOMO = -0.899960466773175  LUMO = 1.99681975066635
  alpha mo_energy =
[-0.89996047  1.99681975]
  beta  mo_energy =
[-0.89996047  1.99681975]
multiplicity <S^2> = -4.4408921e-16  2S+1 = 1
E1 = -3.3402558891233625  Ecoul = 0.7701674777885061
Extra cycle  E= 1.42991158866514  delta_E= 8.88e-16  |g|= 4.29e-16  |ddm|= 1.42e-15
    CPU time for scf_cycle      0.12 sec, wall time      1.04 sec
    CPU time for SCF      0.12 sec, wall time      1.04 sec
converged SCF energy = 1.42991158866514  <S^2> = -4.4408921e-16  2S+1 = 1
Running pes.py for distance 0.4 Å
#INFO: **** input file is /n/home06/mbritt/VAFQMC/importancevafqmc/pes.py ****
import numpy as np
from pyscf import gto
import sys
import os
import csv
from hmc_vafqmc_lbfgs import Propagator
from itertools import zip_longest
sys.path.append('../')
from afqmc.ipieafqmc import ipierun

def run_simulation(dist):
    os.makedirs('./params-3', exist_ok=True) 
    natoms = 2
    nsteps = 5
    mol = gto.M(
    atom=[("H", 0, 0, i * dist) for i in range(natoms)],
    basis='sto-6g',
    unit='Bohr',
    verbose=5  
    )
    #ipie_energy = ipierun(mol)
    prop = Propagator(mol, dt=0.5, nsteps = nsteps, nwalkers=1000)

    # Run the simulation to get time and energy lists
    opt_params = prop.run()
    np.save(f'./params-3/optimal_param-{dist}s.npy', opt_params)

if __name__ == "__main__":
    dist = float(sys.argv[1])
    run_simulation(dist)



    
#INFO: ******************** input file end ********************


System: uname_result(system='Linux', node='holy8a24303.rc.fas.harvard.edu', release='4.18.0-513.18.1.el8_9.x86_64', version='#1 SMP Wed Feb 21 21:34:36 UTC 2024', machine='x86_64')  Threads 1
Python 3.12.4 | packaged by conda-forge | (main, Jun 17 2024, 10:23:07) [GCC 12.3.0]
numpy 2.0.0  scipy 1.14.0  h5py 3.11.0
Date: Sun Mar 16 16:11:58 2025
PySCF version 2.6.2
PySCF path  /n/home06/mbritt/.conda/envs/afqmc_env/lib/python3.12/site-packages/pyscf

[CONFIG] conf_file None
[INPUT] verbose = 5
[INPUT] max_memory = 4000 
[INPUT] num. atoms = 10
[INPUT] num. electrons = 10
[INPUT] charge = 0
[INPUT] spin (= nelec alpha-beta = 2S) = 0
[INPUT] symmetry False subgroup None
[INPUT] Mole.unit = Bohr
[INPUT] Symbol           X                Y                Z      unit          X                Y                Z       unit  Magmom
[INPUT]  1 H      0.000000000000   0.000000000000   0.000000000000 AA    0.000000000000   0.000000000000   0.000000000000 Bohr   0.0
[INPUT]  2 H      0.846683537472   0.000000000000   0.000000000000 AA    1.600000000000   0.000000000000   0.000000000000 Bohr   0.0
[INPUT]  3 H      1.693367074944   0.000000000000   0.000000000000 AA    3.200000000000   0.000000000000   0.000000000000 Bohr   0.0
[INPUT]  4 H      2.540050612416   0.000000000000   0.000000000000 AA    4.800000000000   0.000000000000   0.000000000000 Bohr   0.0
[INPUT]  5 H      3.386734149888   0.000000000000   0.000000000000 AA    6.400000000000   0.000000000000   0.000000000000 Bohr   0.0
[INPUT]  6 H      4.233417687360   0.000000000000   0.000000000000 AA    8.000000000000   0.000000000000   0.000000000000 Bohr   0.0
[INPUT]  7 H      5.080101224832   0.000000000000   0.000000000000 AA    9.600000000000   0.000000000000   0.000000000000 Bohr   0.0
[INPUT]  8 H      5.926784762304   0.000000000000   0.000000000000 AA   11.200000000000   0.000000000000   0.000000000000 Bohr   0.0
[INPUT]  9 H      6.773468299776   0.000000000000   0.000000000000 AA   12.800000000000   0.000000000000   0.000000000000 Bohr   0.0
[INPUT] 10 H      7.620151837248   0.000000000000   0.000000000000 AA   14.400000000000   0.000000000000   0.000000000000 Bohr   0.0
[INPUT] ---------------- BASIS SET ---------------- 
[INPUT] l, kappa, [nprim/nctr], expnt,             c_1 c_2 ...
[INPUT] H
[INPUT] 0    0    [6    /1   ]  35.52322122       0.00916359628
                                6.513143725       0.04936149294
                                1.822142904       0.1685383049
                                0.625955266       0.3705627997
                                0.243076747       0.4164915298
                                0.100112428       0.1303340841

nuclear repulsion = 12.0560515873016
number of shells = 10
number of NR pGTOs = 60
number of NR cGTOs = 10
basis = sto-6g
ecp = {}
CPU time:         1.23
#INFO: **** input file is /n/home06/mbritt/VAFQMC/importancevafqmc/pes.py ****
import numpy as np
from pyscf import gto
import sys
import os
import csv
from hmc_vafqmc_lbfgs import Propagator
from itertools import zip_longest
sys.path.append('../')
from afqmc.ipieafqmc import ipierun

def run_simulation(dist):
    os.makedirs('./params-3', exist_ok=True) 
    natoms = 2
    nsteps = 5
    mol = gto.M(
    atom=[("H", 0, 0, i * dist) for i in range(natoms)],
    basis='sto-6g',
    unit='Bohr',
    verbose=5  
    )
    #ipie_energy = ipierun(mol)
    prop = Propagator(mol, dt=0.5, nsteps = nsteps, nwalkers=1000)

    # Run the simulation to get time and energy lists
    opt_params = prop.run()
    np.save(f'./params-3/optimal_param-{dist}s.npy', opt_params)

if __name__ == "__main__":
    dist = float(sys.argv[1])
    run_simulation(dist)



    
#INFO: ******************** input file end ********************


System: uname_result(system='Linux', node='holy8a24303.rc.fas.harvard.edu', release='4.18.0-513.18.1.el8_9.x86_64', version='#1 SMP Wed Feb 21 21:34:36 UTC 2024', machine='x86_64')  Threads 1
Python 3.12.4 | packaged by conda-forge | (main, Jun 17 2024, 10:23:07) [GCC 12.3.0]
numpy 2.0.0  scipy 1.14.0  h5py 3.11.0
Date: Sun Mar 16 16:11:58 2025
PySCF version 2.6.2
PySCF path  /n/home06/mbritt/.conda/envs/afqmc_env/lib/python3.12/site-packages/pyscf

[CONFIG] conf_file None
[INPUT] verbose = 5
[INPUT] max_memory = 4000 
[INPUT] num. atoms = 2
[INPUT] num. electrons = 2
[INPUT] charge = 0
[INPUT] spin (= nelec alpha-beta = 2S) = 0
[INPUT] symmetry False subgroup None
[INPUT] Mole.unit = Bohr
[INPUT] Symbol           X                Y                Z      unit          X                Y                Z       unit  Magmom
[INPUT]  1 H      0.000000000000   0.000000000000   0.000000000000 AA    0.000000000000   0.000000000000   0.000000000000 Bohr   0.0
[INPUT]  2 H      0.000000000000   0.000000000000   0.211670884368 AA    0.000000000000   0.000000000000   0.400000000000 Bohr   0.0
[INPUT] ---------------- BASIS SET ---------------- 
[INPUT] l, kappa, [nprim/nctr], expnt,             c_1 c_2 ...
[INPUT] H
[INPUT] 0    0    [6    /1   ]  35.52322122       0.00916359628
                                6.513143725       0.04936149294
                                1.822142904       0.1685383049
                                0.625955266       0.3705627997
                                0.243076747       0.4164915298
                                0.100112428       0.1303340841

nuclear repulsion = 2.5
number of shells = 2
number of NR pGTOs = 12
number of NR cGTOs = 2
basis = sto-6g
ecp = {}
CPU time:         1.23


******** <class 'pyscf.scf.uhf.UHF'> ********
method = UHF
initial guess = minao
damping factor = 0
level_shift factor = 0
DIIS = <class 'pyscf.scf.diis.CDIIS'>
diis_start_cycle = 1
diis_space = 8
diis_damp = 0
SCF conv_tol = 1e-09
SCF conv_tol_grad = None
SCF max_cycles = 50
direct_scf = True
direct_scf_tol = 1e-13
chkfile to save SCF result = /tmp/tmptq09s2yq
max_memory 4000 MB (current use 347 MB)
number electrons alpha = 1  beta = 1
cond(S) = 50.21056151481804
Set gradient conv threshold to 3.16228e-05
E1 = -1.571170698124556  Ecoul = 0.00903443634880618
init E= 0.93786373822425
    CPU time for initialize scf      0.11 sec, wall time      1.05 sec
  alpha nocc = 1  HOMO = -1.61296236391959  LUMO = 0.91197111413741
  beta  nocc = 1  HOMO = -0.869058394430915  LUMO = 1.07842104962465
  alpha mo_energy =
[-1.61296236  0.91197111]
  beta  mo_energy =
[-0.86905839  1.07842105]
multiplicity <S^2> = 0  2S+1 = 1
E1 = -3.2445205063366  Ecoul = 0.7630652411156085
cycle= 1 E= 0.0185447347790086  delta_E= -0.919  |g|= 2.59e-15  |ddm|= 0.647
    CPU time for cycle= 1      0.00 sec, wall time      0.00 sec
  alpha nocc = 1  HOMO = -0.859195012052692  LUMO = 1.6863233939065
  beta  nocc = 1  HOMO = -0.859195012052692  LUMO = 1.6863233939065
  alpha mo_energy =
[-0.85919501  1.68632339]
  beta  mo_energy =
[-0.85919501  1.68632339]
multiplicity <S^2> = -4.4408921e-16  2S+1 = 1
E1 = -3.244520506336601  Ecoul = 0.7630652411156089
cycle= 2 E= 0.0185447347790078  delta_E= -8.88e-16  |g|= 1.03e-15  |ddm|= 5.48e-15
    CPU time for cycle= 2      0.00 sec, wall time      0.00 sec
  alpha nocc = 1  HOMO = -0.859195012052691  LUMO = 1.6863233939065
  beta  nocc = 1  HOMO = -0.859195012052691  LUMO = 1.6863233939065
  alpha mo_energy =
[-0.85919501  1.68632339]
  beta  mo_energy =
[-0.85919501  1.68632339]
multiplicity <S^2> = -4.4408921e-16  2S+1 = 1
E1 = -3.2445205063366007  Ecoul = 0.7630652411156088
Extra cycle  E= 0.0185447347790082  delta_E= 4.44e-16  |g|= 3.89e-16  |ddm|= 1.77e-15
    CPU time for scf_cycle      0.12 sec, wall time      1.06 sec
    CPU time for SCF      0.12 sec, wall time      1.06 sec
converged SCF energy = 0.0185447347790082  <S^2> = -4.4408921e-16  2S+1 = 1
Running pes.py for distance 0.55 Å
#INFO: **** input file is /n/home06/mbritt/VAFQMC/importancevafqmc/pes.py ****
import numpy as np
from pyscf import gto
import sys
import os
import csv
from hmc_vafqmc_lbfgs import Propagator
from itertools import zip_longest
sys.path.append('../')
from afqmc.ipieafqmc import ipierun

def run_simulation(dist):
    os.makedirs('./params-3', exist_ok=True) 
    natoms = 2
    nsteps = 5
    mol = gto.M(
    atom=[("H", 0, 0, i * dist) for i in range(natoms)],
    basis='sto-6g',
    unit='Bohr',
    verbose=5  
    )
    #ipie_energy = ipierun(mol)
    prop = Propagator(mol, dt=0.5, nsteps = nsteps, nwalkers=1000)

    # Run the simulation to get time and energy lists
    opt_params = prop.run()
    np.save(f'./params-3/optimal_param-{dist}s.npy', opt_params)

if __name__ == "__main__":
    dist = float(sys.argv[1])
    run_simulation(dist)



    
#INFO: ******************** input file end ********************


System: uname_result(system='Linux', node='holy8a24303.rc.fas.harvard.edu', release='4.18.0-513.18.1.el8_9.x86_64', version='#1 SMP Wed Feb 21 21:34:36 UTC 2024', machine='x86_64')  Threads 1
Python 3.12.4 | packaged by conda-forge | (main, Jun 17 2024, 10:23:07) [GCC 12.3.0]
numpy 2.0.0  scipy 1.14.0  h5py 3.11.0
Date: Sun Mar 16 16:12:10 2025
PySCF version 2.6.2
PySCF path  /n/home06/mbritt/.conda/envs/afqmc_env/lib/python3.12/site-packages/pyscf

[CONFIG] conf_file None
[INPUT] verbose = 5
[INPUT] max_memory = 4000 
[INPUT] num. atoms = 10
[INPUT] num. electrons = 10
[INPUT] charge = 0
[INPUT] spin (= nelec alpha-beta = 2S) = 0
[INPUT] symmetry False subgroup None
[INPUT] Mole.unit = Bohr
[INPUT] Symbol           X                Y                Z      unit          X                Y                Z       unit  Magmom
[INPUT]  1 H      0.000000000000   0.000000000000   0.000000000000 AA    0.000000000000   0.000000000000   0.000000000000 Bohr   0.0
[INPUT]  2 H      0.846683537472   0.000000000000   0.000000000000 AA    1.600000000000   0.000000000000   0.000000000000 Bohr   0.0
[INPUT]  3 H      1.693367074944   0.000000000000   0.000000000000 AA    3.200000000000   0.000000000000   0.000000000000 Bohr   0.0
[INPUT]  4 H      2.540050612416   0.000000000000   0.000000000000 AA    4.800000000000   0.000000000000   0.000000000000 Bohr   0.0
[INPUT]  5 H      3.386734149888   0.000000000000   0.000000000000 AA    6.400000000000   0.000000000000   0.000000000000 Bohr   0.0
[INPUT]  6 H      4.233417687360   0.000000000000   0.000000000000 AA    8.000000000000   0.000000000000   0.000000000000 Bohr   0.0
[INPUT]  7 H      5.080101224832   0.000000000000   0.000000000000 AA    9.600000000000   0.000000000000   0.000000000000 Bohr   0.0
[INPUT]  8 H      5.926784762304   0.000000000000   0.000000000000 AA   11.200000000000   0.000000000000   0.000000000000 Bohr   0.0
[INPUT]  9 H      6.773468299776   0.000000000000   0.000000000000 AA   12.800000000000   0.000000000000   0.000000000000 Bohr   0.0
[INPUT] 10 H      7.620151837248   0.000000000000   0.000000000000 AA   14.400000000000   0.000000000000   0.000000000000 Bohr   0.0
[INPUT] ---------------- BASIS SET ---------------- 
[INPUT] l, kappa, [nprim/nctr], expnt,             c_1 c_2 ...
[INPUT] H
[INPUT] 0    0    [6    /1   ]  35.52322122       0.00916359628
                                6.513143725       0.04936149294
                                1.822142904       0.1685383049
                                0.625955266       0.3705627997
                                0.243076747       0.4164915298
                                0.100112428       0.1303340841

nuclear repulsion = 12.0560515873016
number of shells = 10
number of NR pGTOs = 60
number of NR cGTOs = 10
basis = sto-6g
ecp = {}
CPU time:         1.23
#INFO: **** input file is /n/home06/mbritt/VAFQMC/importancevafqmc/pes.py ****
import numpy as np
from pyscf import gto
import sys
import os
import csv
from hmc_vafqmc_lbfgs import Propagator
from itertools import zip_longest
sys.path.append('../')
from afqmc.ipieafqmc import ipierun

def run_simulation(dist):
    os.makedirs('./params-3', exist_ok=True) 
    natoms = 2
    nsteps = 5
    mol = gto.M(
    atom=[("H", 0, 0, i * dist) for i in range(natoms)],
    basis='sto-6g',
    unit='Bohr',
    verbose=5  
    )
    #ipie_energy = ipierun(mol)
    prop = Propagator(mol, dt=0.5, nsteps = nsteps, nwalkers=1000)

    # Run the simulation to get time and energy lists
    opt_params = prop.run()
    np.save(f'./params-3/optimal_param-{dist}s.npy', opt_params)

if __name__ == "__main__":
    dist = float(sys.argv[1])
    run_simulation(dist)



    
#INFO: ******************** input file end ********************


System: uname_result(system='Linux', node='holy8a24303.rc.fas.harvard.edu', release='4.18.0-513.18.1.el8_9.x86_64', version='#1 SMP Wed Feb 21 21:34:36 UTC 2024', machine='x86_64')  Threads 1
Python 3.12.4 | packaged by conda-forge | (main, Jun 17 2024, 10:23:07) [GCC 12.3.0]
numpy 2.0.0  scipy 1.14.0  h5py 3.11.0
Date: Sun Mar 16 16:12:10 2025
PySCF version 2.6.2
PySCF path  /n/home06/mbritt/.conda/envs/afqmc_env/lib/python3.12/site-packages/pyscf

[CONFIG] conf_file None
[INPUT] verbose = 5
[INPUT] max_memory = 4000 
[INPUT] num. atoms = 2
[INPUT] num. electrons = 2
[INPUT] charge = 0
[INPUT] spin (= nelec alpha-beta = 2S) = 0
[INPUT] symmetry False subgroup None
[INPUT] Mole.unit = Bohr
[INPUT] Symbol           X                Y                Z      unit          X                Y                Z       unit  Magmom
[INPUT]  1 H      0.000000000000   0.000000000000   0.000000000000 AA    0.000000000000   0.000000000000   0.000000000000 Bohr   0.0
[INPUT]  2 H      0.000000000000   0.000000000000   0.291047466006 AA    0.000000000000   0.000000000000   0.550000000000 Bohr   0.0
[INPUT] ---------------- BASIS SET ---------------- 
[INPUT] l, kappa, [nprim/nctr], expnt,             c_1 c_2 ...
[INPUT] H
[INPUT] 0    0    [6    /1   ]  35.52322122       0.00916359628
                                6.513143725       0.04936149294
                                1.822142904       0.1685383049
                                0.625955266       0.3705627997
                                0.243076747       0.4164915298
                                0.100112428       0.1303340841

nuclear repulsion = 1.81818181818182
number of shells = 2
number of NR pGTOs = 12
number of NR cGTOs = 2
basis = sto-6g
ecp = {}
CPU time:         1.23


******** <class 'pyscf.scf.uhf.UHF'> ********
method = UHF
initial guess = minao
damping factor = 0
level_shift factor = 0
DIIS = <class 'pyscf.scf.diis.CDIIS'>
diis_start_cycle = 1
diis_space = 8
diis_damp = 0
SCF conv_tol = 1e-09
SCF conv_tol_grad = None
SCF max_cycles = 50
direct_scf = True
direct_scf_tol = 1e-13
chkfile to save SCF result = /tmp/tmp6yiw1qmn
max_memory 4000 MB (current use 346 MB)
number electrons alpha = 1  beta = 1
cond(S) = 27.096622702530855
Set gradient conv threshold to 3.16228e-05
E1 = -1.4996159167279446  Ecoul = 0.015931542438810516
init E= 0.334497443892684
    CPU time for initialize scf      0.11 sec, wall time      1.10 sec
  alpha nocc = 1  HOMO = -1.55052624967675  LUMO = 0.670556400308948
  beta  nocc = 1  HOMO = -0.823478278391493  LUMO = 0.84729272476852
  alpha mo_energy =
[-1.55052625  0.6705564 ]
  beta  mo_energy =
[-0.82347828  0.84729272]
multiplicity <S^2> = 0  2S+1 = 1
E1 = -3.1342808172291745  Ecoul = 0.7534282662612231
cycle= 1 E= -0.562670732786133  delta_E= -0.897  |g|= 2.28e-16  |ddm|= 0.655
    CPU time for cycle= 1      0.00 sec, wall time      0.00 sec
  alpha nocc = 1  HOMO = -0.813712142353365  LUMO = 1.43973244650873
  beta  nocc = 1  HOMO = -0.813712142353364  LUMO = 1.43973244650873
  alpha mo_energy =
[-0.81371214  1.43973245]
  beta  mo_energy =
[-0.81371214  1.43973245]
multiplicity <S^2> = -4.4408921e-16  2S+1 = 1
E1 = -3.1342808172291754  Ecoul = 0.7534282662612233
cycle= 2 E= -0.562670732786134  delta_E= -8.88e-16  |g|= 1.02e-15  |ddm|= 4.15e-16
    CPU time for cycle= 2      0.00 sec, wall time      0.00 sec
  alpha nocc = 1  HOMO = -0.813712142353364  LUMO = 1.43973244650873
  beta  nocc = 1  HOMO = -0.813712142353364  LUMO = 1.43973244650873
  alpha mo_energy =
[-0.81371214  1.43973245]
  beta  mo_energy =
[-0.81371214  1.43973245]
multiplicity <S^2> = 4.4408921e-16  2S+1 = 1
E1 = -3.1342808172291745  Ecoul = 0.7534282662612226
Extra cycle  E= -0.562670732786134  delta_E=    0  |g|= 5.75e-16  |ddm|= 1.3e-15
    CPU time for scf_cycle      0.12 sec, wall time      1.11 sec
    CPU time for SCF      0.12 sec, wall time      1.11 sec
converged SCF energy = -0.562670732786134  <S^2> = 4.4408921e-16  2S+1 = 1
Running pes.py for distance 0.7 Å
#INFO: **** input file is /n/home06/mbritt/VAFQMC/importancevafqmc/pes.py ****
import numpy as np
from pyscf import gto
import sys
import os
import csv
from hmc_vafqmc_lbfgs import Propagator
from itertools import zip_longest
sys.path.append('../')
from afqmc.ipieafqmc import ipierun

def run_simulation(dist):
    os.makedirs('./params-3', exist_ok=True) 
    natoms = 2
    nsteps = 5
    mol = gto.M(
    atom=[("H", 0, 0, i * dist) for i in range(natoms)],
    basis='sto-6g',
    unit='Bohr',
    verbose=5  
    )
    #ipie_energy = ipierun(mol)
    prop = Propagator(mol, dt=0.5, nsteps = nsteps, nwalkers=1000)

    # Run the simulation to get time and energy lists
    opt_params = prop.run()
    np.save(f'./params-3/optimal_param-{dist}s.npy', opt_params)

if __name__ == "__main__":
    dist = float(sys.argv[1])
    run_simulation(dist)



    
#INFO: ******************** input file end ********************


System: uname_result(system='Linux', node='holy8a24303.rc.fas.harvard.edu', release='4.18.0-513.18.1.el8_9.x86_64', version='#1 SMP Wed Feb 21 21:34:36 UTC 2024', machine='x86_64')  Threads 1
Python 3.12.4 | packaged by conda-forge | (main, Jun 17 2024, 10:23:07) [GCC 12.3.0]
numpy 2.0.0  scipy 1.14.0  h5py 3.11.0
Date: Sun Mar 16 16:12:19 2025
PySCF version 2.6.2
PySCF path  /n/home06/mbritt/.conda/envs/afqmc_env/lib/python3.12/site-packages/pyscf

[CONFIG] conf_file None
[INPUT] verbose = 5
[INPUT] max_memory = 4000 
[INPUT] num. atoms = 10
[INPUT] num. electrons = 10
[INPUT] charge = 0
[INPUT] spin (= nelec alpha-beta = 2S) = 0
[INPUT] symmetry False subgroup None
[INPUT] Mole.unit = Bohr
[INPUT] Symbol           X                Y                Z      unit          X                Y                Z       unit  Magmom
[INPUT]  1 H      0.000000000000   0.000000000000   0.000000000000 AA    0.000000000000   0.000000000000   0.000000000000 Bohr   0.0
[INPUT]  2 H      0.846683537472   0.000000000000   0.000000000000 AA    1.600000000000   0.000000000000   0.000000000000 Bohr   0.0
[INPUT]  3 H      1.693367074944   0.000000000000   0.000000000000 AA    3.200000000000   0.000000000000   0.000000000000 Bohr   0.0
[INPUT]  4 H      2.540050612416   0.000000000000   0.000000000000 AA    4.800000000000   0.000000000000   0.000000000000 Bohr   0.0
[INPUT]  5 H      3.386734149888   0.000000000000   0.000000000000 AA    6.400000000000   0.000000000000   0.000000000000 Bohr   0.0
[INPUT]  6 H      4.233417687360   0.000000000000   0.000000000000 AA    8.000000000000   0.000000000000   0.000000000000 Bohr   0.0
[INPUT]  7 H      5.080101224832   0.000000000000   0.000000000000 AA    9.600000000000   0.000000000000   0.000000000000 Bohr   0.0
[INPUT]  8 H      5.926784762304   0.000000000000   0.000000000000 AA   11.200000000000   0.000000000000   0.000000000000 Bohr   0.0
[INPUT]  9 H      6.773468299776   0.000000000000   0.000000000000 AA   12.800000000000   0.000000000000   0.000000000000 Bohr   0.0
[INPUT] 10 H      7.620151837248   0.000000000000   0.000000000000 AA   14.400000000000   0.000000000000   0.000000000000 Bohr   0.0
[INPUT] ---------------- BASIS SET ---------------- 
[INPUT] l, kappa, [nprim/nctr], expnt,             c_1 c_2 ...
[INPUT] H
[INPUT] 0    0    [6    /1   ]  35.52322122       0.00916359628
                                6.513143725       0.04936149294
                                1.822142904       0.1685383049
                                0.625955266       0.3705627997
                                0.243076747       0.4164915298
                                0.100112428       0.1303340841

nuclear repulsion = 12.0560515873016
number of shells = 10
number of NR pGTOs = 60
number of NR cGTOs = 10
basis = sto-6g
ecp = {}
CPU time:         1.15
#INFO: **** input file is /n/home06/mbritt/VAFQMC/importancevafqmc/pes.py ****
import numpy as np
from pyscf import gto
import sys
import os
import csv
from hmc_vafqmc_lbfgs import Propagator
from itertools import zip_longest
sys.path.append('../')
from afqmc.ipieafqmc import ipierun

def run_simulation(dist):
    os.makedirs('./params-3', exist_ok=True) 
    natoms = 2
    nsteps = 5
    mol = gto.M(
    atom=[("H", 0, 0, i * dist) for i in range(natoms)],
    basis='sto-6g',
    unit='Bohr',
    verbose=5  
    )
    #ipie_energy = ipierun(mol)
    prop = Propagator(mol, dt=0.5, nsteps = nsteps, nwalkers=1000)

    # Run the simulation to get time and energy lists
    opt_params = prop.run()
    np.save(f'./params-3/optimal_param-{dist}s.npy', opt_params)

if __name__ == "__main__":
    dist = float(sys.argv[1])
    run_simulation(dist)



    
#INFO: ******************** input file end ********************


System: uname_result(system='Linux', node='holy8a24303.rc.fas.harvard.edu', release='4.18.0-513.18.1.el8_9.x86_64', version='#1 SMP Wed Feb 21 21:34:36 UTC 2024', machine='x86_64')  Threads 1
Python 3.12.4 | packaged by conda-forge | (main, Jun 17 2024, 10:23:07) [GCC 12.3.0]
numpy 2.0.0  scipy 1.14.0  h5py 3.11.0
Date: Sun Mar 16 16:12:19 2025
PySCF version 2.6.2
PySCF path  /n/home06/mbritt/.conda/envs/afqmc_env/lib/python3.12/site-packages/pyscf

[CONFIG] conf_file None
[INPUT] verbose = 5
[INPUT] max_memory = 4000 
[INPUT] num. atoms = 2
[INPUT] num. electrons = 2
[INPUT] charge = 0
[INPUT] spin (= nelec alpha-beta = 2S) = 0
[INPUT] symmetry False subgroup None
[INPUT] Mole.unit = Bohr
[INPUT] Symbol           X                Y                Z      unit          X                Y                Z       unit  Magmom
[INPUT]  1 H      0.000000000000   0.000000000000   0.000000000000 AA    0.000000000000   0.000000000000   0.000000000000 Bohr   0.0
[INPUT]  2 H      0.000000000000   0.000000000000   0.370424047644 AA    0.000000000000   0.000000000000   0.700000000000 Bohr   0.0
[INPUT] ---------------- BASIS SET ---------------- 
[INPUT] l, kappa, [nprim/nctr], expnt,             c_1 c_2 ...
[INPUT] H
[INPUT] 0    0    [6    /1   ]  35.52322122       0.00916359628
                                6.513143725       0.04936149294
                                1.822142904       0.1685383049
                                0.625955266       0.3705627997
                                0.243076747       0.4164915298
                                0.100112428       0.1303340841

nuclear repulsion = 1.42857142857143
number of shells = 2
number of NR pGTOs = 12
number of NR cGTOs = 2
basis = sto-6g
ecp = {}
CPU time:         1.15


******** <class 'pyscf.scf.uhf.UHF'> ********
method = UHF
initial guess = minao
damping factor = 0
level_shift factor = 0
DIIS = <class 'pyscf.scf.diis.CDIIS'>
diis_start_cycle = 1
diis_space = 8
diis_damp = 0
SCF conv_tol = 1e-09
SCF conv_tol_grad = None
SCF max_cycles = 50
direct_scf = True
direct_scf_tol = 1e-13
chkfile to save SCF result = /tmp/tmphckfr9f8
max_memory 4000 MB (current use 348 MB)
number electrons alpha = 1  beta = 1
cond(S) = 17.115127747611535
Set gradient conv threshold to 3.16228e-05
E1 = -1.4262381364224286  Ecoul = 0.023752536780355542
init E= 0.0260858289293555
    CPU time for initialize scf      0.11 sec, wall time      0.61 sec
  alpha nocc = 1  HOMO = -1.48417008017457  LUMO = 0.475848351282312
  beta  nocc = 1  HOMO = -0.777250248305688  LUMO = 0.664620832632982
  alpha mo_energy =
[-1.48417008  0.47584835]
  beta  mo_energy =
[-0.77725025  0.66462083]
multiplicity <S^2> = 2.220446e-16  2S+1 = 1
E1 = -3.01870710226666  Ecoul = 0.7418055196214226
cycle= 1 E= -0.848330154073809  delta_E= -0.874  |g|= 3.8e-16  |ddm|= 0.665
    CPU time for cycle= 1      0.00 sec, wall time      0.00 sec
  alpha nocc = 1  HOMO = -0.767548031511908  LUMO = 1.23966111805073
  beta  nocc = 1  HOMO = -0.767548031511907  LUMO = 1.23966111805073
  alpha mo_energy =
[-0.76754803  1.23966112]
  beta  mo_energy =
[-0.76754803  1.23966112]
multiplicity <S^2> = 0  2S+1 = 1
E1 = -3.01870710226666  Ecoul = 0.7418055196214226
cycle= 2 E= -0.848330154073809  delta_E=    0  |g|= 1.27e-16  |ddm|= 4.9e-16
    CPU time for cycle= 2      0.00 sec, wall time      0.00 sec
  alpha nocc = 1  HOMO = -0.767548031511907  LUMO = 1.23966111805073
  beta  nocc = 1  HOMO = -0.767548031511908  LUMO = 1.23966111805073
  alpha mo_energy =
[-0.76754803  1.23966112]
  beta  mo_energy =
[-0.76754803  1.23966112]
multiplicity <S^2> = 0  2S+1 = 1
E1 = -3.01870710226666  Ecoul = 0.7418055196214226
Extra cycle  E= -0.848330154073809  delta_E=    0  |g|= 2.01e-16  |ddm|= 4.3e-16
    CPU time for scf_cycle      0.11 sec, wall time      0.61 sec
    CPU time for SCF      0.11 sec, wall time      0.61 sec
converged SCF energy = -0.848330154073809  <S^2> = 0  2S+1 = 1
Running pes.py for distance 0.85 Å
